#-----------------------------------------------------------
# Vivado v2019.1 (64-bit)
# SW Build 2552052 on Fri May 24 14:49:42 MDT 2019
# IP Build 2548770 on Fri May 24 18:01:18 MDT 2019
# Start of session at: Mon Mar  9 17:05:27 2020
# Process ID: 7804
# Current directory: D:/Windows/Downloads/lab7
# Command line: vivado.exe -gui_launcher_event rodinguilauncherevent14720 D:\Windows\Downloads\lab7\lab7.xpr
# Log file: D:/Windows/Downloads/lab7/vivado.log
# Journal file: D:/Windows/Downloads/lab7\vivado.jou
#-----------------------------------------------------------
start_gui
open_project D:/Windows/Downloads/lab7/lab7.xpr
Scanning sources...
Finished scanning sources
INFO: [IP_Flow 19-234] Refreshing IP repositories
INFO: [IP_Flow 19-1704] No user IP repositories specified
INFO: [IP_Flow 19-2313] Loaded Vivado IP repository 'D:/Programs/Xilinix/Vivado/2019.1/data/ip'.
open_project: Time (s): cpu = 00:00:17 ; elapsed = 00:00:17 . Memory (MB): peak = 652.953 ; gain = 66.875
update_compile_order -fileset sources_1
open_hw
connect_hw_server
INFO: [Labtools 27-2285] Connecting to hw_server url TCP:localhost:3121
INFO: [Labtools 27-2222] Launching hw_server...
INFO: [Labtools 27-2221] Launch Output:

****** Xilinx hw_server v2019.1
  **** Build date : May 24 2019 at 15:13:31
    ** Copyright 1986-2019 Xilinx, Inc. All Rights Reserved.


connect_hw_server: Time (s): cpu = 00:00:01 ; elapsed = 00:00:06 . Memory (MB): peak = 679.156 ; gain = 15.434
open_hw_target
INFO: [Labtoolstcl 44-466] Opening hw_target localhost:3121/xilinx_tcf/Digilent/210183A2838BA
set_property PROGRAM.FILE {D:/Windows/Downloads/lab7/lab7.runs/impl_1/top_lab7.bit} [get_hw_devices xc7a35t_0]
current_hw_device [get_hw_devices xc7a35t_0]
refresh_hw_device -update_hw_probes false [lindex [get_hw_devices xc7a35t_0] 0]
INFO: [Labtools 27-1435] Device xc7a35t (JTAG device index = 0) is not programmed (DONE status = 0).
set_property PROBES.FILE {} [get_hw_devices xc7a35t_0]
set_property FULL_PROBES.FILE {} [get_hw_devices xc7a35t_0]
set_property PROGRAM.FILE {D:/Windows/Downloads/lab7/lab7.runs/impl_1/top_lab7.bit} [get_hw_devices xc7a35t_0]
program_hw_devices [get_hw_devices xc7a35t_0]
INFO: [Labtools 27-3164] End of startup status: HIGH
refresh_hw_device [lindex [get_hw_devices xc7a35t_0] 0]
INFO: [Labtools 27-1434] Device xc7a35t (JTAG device index = 0) is programmed with a design that has no supported debug core(s) in it.
reset_run synth_1
launch_runs impl_1 -to_step write_bitstream -jobs 4
[Mon Mar  9 17:12:14 2020] Launched synth_1...
Run output will be captured here: D:/Windows/Downloads/lab7/lab7.runs/synth_1/runme.log
[Mon Mar  9 17:12:14 2020] Launched impl_1...
Run output will be captured here: D:/Windows/Downloads/lab7/lab7.runs/impl_1/runme.log
set_property PROBES.FILE {} [get_hw_devices xc7a35t_0]
set_property FULL_PROBES.FILE {} [get_hw_devices xc7a35t_0]
set_property PROGRAM.FILE {D:/Windows/Downloads/lab7/lab7.runs/impl_1/top_lab7.bit} [get_hw_devices xc7a35t_0]
program_hw_devices [get_hw_devices xc7a35t_0]
INFO: [Labtools 27-3164] End of startup status: HIGH
refresh_hw_device [lindex [get_hw_devices xc7a35t_0] 0]
INFO: [Labtools 27-1434] Device xc7a35t (JTAG device index = 0) is programmed with a design that has no supported debug core(s) in it.
reset_run synth_1
launch_runs impl_1 -to_step write_bitstream -jobs 4
[Mon Mar  9 17:15:51 2020] Launched synth_1...
Run output will be captured here: D:/Windows/Downloads/lab7/lab7.runs/synth_1/runme.log
[Mon Mar  9 17:15:51 2020] Launched impl_1...
Run output will be captured here: D:/Windows/Downloads/lab7/lab7.runs/impl_1/runme.log
reset_run synth_1
launch_runs impl_1 -to_step write_bitstream -jobs 4
[Mon Mar  9 17:16:44 2020] Launched synth_1...
Run output will be captured here: D:/Windows/Downloads/lab7/lab7.runs/synth_1/runme.log
[Mon Mar  9 17:16:44 2020] Launched impl_1...
Run output will be captured here: D:/Windows/Downloads/lab7/lab7.runs/impl_1/runme.log
set_property PROBES.FILE {} [get_hw_devices xc7a35t_0]
set_property FULL_PROBES.FILE {} [get_hw_devices xc7a35t_0]
set_property PROGRAM.FILE {D:/Windows/Downloads/lab7/lab7.runs/impl_1/top_lab7.bit} [get_hw_devices xc7a35t_0]
program_hw_devices [get_hw_devices xc7a35t_0]
INFO: [Labtools 27-3164] End of startup status: HIGH
refresh_hw_device [lindex [get_hw_devices xc7a35t_0] 0]
INFO: [Labtools 27-1434] Device xc7a35t (JTAG device index = 0) is programmed with a design that has no supported debug core(s) in it.
reset_run synth_1
launch_runs impl_1 -to_step write_bitstream -jobs 4
[Mon Mar  9 17:28:17 2020] Launched synth_1...
Run output will be captured here: D:/Windows/Downloads/lab7/lab7.runs/synth_1/runme.log
[Mon Mar  9 17:28:18 2020] Launched impl_1...
Run output will be captured here: D:/Windows/Downloads/lab7/lab7.runs/impl_1/runme.log
set_property PROBES.FILE {} [get_hw_devices xc7a35t_0]
set_property FULL_PROBES.FILE {} [get_hw_devices xc7a35t_0]
set_property PROGRAM.FILE {D:/Windows/Downloads/lab7/lab7.runs/impl_1/top_lab7.bit} [get_hw_devices xc7a35t_0]
program_hw_devices [get_hw_devices xc7a35t_0]
INFO: [Labtools 27-3164] End of startup status: HIGH
refresh_hw_device [lindex [get_hw_devices xc7a35t_0] 0]
INFO: [Labtools 27-1434] Device xc7a35t (JTAG device index = 0) is programmed with a design that has no supported debug core(s) in it.
reset_run synth_1
launch_runs impl_1 -to_step write_bitstream -jobs 4
[Mon Mar  9 17:35:10 2020] Launched synth_1...
Run output will be captured here: D:/Windows/Downloads/lab7/lab7.runs/synth_1/runme.log
[Mon Mar  9 17:35:10 2020] Launched impl_1...
Run output will be captured here: D:/Windows/Downloads/lab7/lab7.runs/impl_1/runme.log
open_run impl_1
INFO: [Device 21-403] Loading part xc7a35tcpg236-1
INFO: [Common 17-41] Interrupt caught. Command should exit soon.
INFO: [Netlist 29-17] Analyzing 184 Unisim elements for replacement
INFO: [Netlist 29-28] Unisim Transformation completed in 0 CPU seconds
INFO: [Project 1-479] Netlist was created with Vivado 2019.1
open_run: Time (s): cpu = 00:00:14 ; elapsed = 00:00:16 . Memory (MB): peak = 2121.094 ; gain = 211.469
INFO: [Common 17-344] 'open_run' was cancelled
set_property PROBES.FILE {} [get_hw_devices xc7a35t_0]
set_property FULL_PROBES.FILE {} [get_hw_devices xc7a35t_0]
set_property PROGRAM.FILE {D:/Windows/Downloads/lab7/lab7.runs/impl_1/top_lab7.bit} [get_hw_devices xc7a35t_0]
program_hw_devices [get_hw_devices xc7a35t_0]
INFO: [Labtools 27-3164] End of startup status: HIGH
refresh_hw_device [lindex [get_hw_devices xc7a35t_0] 0]
INFO: [Labtools 27-1434] Device xc7a35t (JTAG device index = 0) is programmed with a design that has no supported debug core(s) in it.
set_property PROBES.FILE {} [get_hw_devices xc7a35t_0]
set_property FULL_PROBES.FILE {} [get_hw_devices xc7a35t_0]
set_property PROGRAM.FILE {D:/Windows/Downloads/lab7/lab7.runs/impl_1/top_lab7.bit} [get_hw_devices xc7a35t_0]
program_hw_devices [get_hw_devices xc7a35t_0]
INFO: [Labtools 27-3164] End of startup status: HIGH
refresh_hw_device [lindex [get_hw_devices xc7a35t_0] 0]
INFO: [Labtools 27-1434] Device xc7a35t (JTAG device index = 0) is programmed with a design that has no supported debug core(s) in it.
reset_run synth_1
launch_runs impl_1 -to_step write_bitstream -jobs 4
[Mon Mar  9 17:40:24 2020] Launched synth_1...
Run output will be captured here: D:/Windows/Downloads/lab7/lab7.runs/synth_1/runme.log
[Mon Mar  9 17:40:24 2020] Launched impl_1...
Run output will be captured here: D:/Windows/Downloads/lab7/lab7.runs/impl_1/runme.log
set_property PROBES.FILE {} [get_hw_devices xc7a35t_0]
set_property FULL_PROBES.FILE {} [get_hw_devices xc7a35t_0]
set_property PROGRAM.FILE {D:/Windows/Downloads/lab7/lab7.runs/impl_1/top_lab7.bit} [get_hw_devices xc7a35t_0]
program_hw_devices [get_hw_devices xc7a35t_0]
INFO: [Labtools 27-3164] End of startup status: HIGH
refresh_hw_device [lindex [get_hw_devices xc7a35t_0] 0]
INFO: [Labtools 27-1434] Device xc7a35t (JTAG device index = 0) is programmed with a design that has no supported debug core(s) in it.
reset_run synth_1
launch_runs impl_1 -to_step write_bitstream -jobs 4
[Mon Mar  9 17:49:30 2020] Launched synth_1...
Run output will be captured here: D:/Windows/Downloads/lab7/lab7.runs/synth_1/runme.log
[Mon Mar  9 17:49:31 2020] Launched impl_1...
Run output will be captured here: D:/Windows/Downloads/lab7/lab7.runs/impl_1/runme.log
set_property PROBES.FILE {} [get_hw_devices xc7a35t_0]
set_property FULL_PROBES.FILE {} [get_hw_devices xc7a35t_0]
set_property PROGRAM.FILE {D:/Windows/Downloads/lab7/lab7.runs/impl_1/top_lab7.bit} [get_hw_devices xc7a35t_0]
program_hw_devices [get_hw_devices xc7a35t_0]
INFO: [Labtools 27-3164] End of startup status: HIGH
refresh_hw_device [lindex [get_hw_devices xc7a35t_0] 0]
INFO: [Labtools 27-1434] Device xc7a35t (JTAG device index = 0) is programmed with a design that has no supported debug core(s) in it.
reset_run synth_1
launch_runs impl_1 -to_step write_bitstream -jobs 4
[Mon Mar  9 17:53:46 2020] Launched synth_1...
Run output will be captured here: D:/Windows/Downloads/lab7/lab7.runs/synth_1/runme.log
[Mon Mar  9 17:53:46 2020] Launched impl_1...
Run output will be captured here: D:/Windows/Downloads/lab7/lab7.runs/impl_1/runme.log
set_property PROBES.FILE {} [get_hw_devices xc7a35t_0]
set_property FULL_PROBES.FILE {} [get_hw_devices xc7a35t_0]
set_property PROGRAM.FILE {D:/Windows/Downloads/lab7/lab7.runs/impl_1/top_lab7.bit} [get_hw_devices xc7a35t_0]
program_hw_devices [get_hw_devices xc7a35t_0]
INFO: [Labtools 27-3164] End of startup status: HIGH
refresh_hw_device [lindex [get_hw_devices xc7a35t_0] 0]
INFO: [Labtools 27-1434] Device xc7a35t (JTAG device index = 0) is programmed with a design that has no supported debug core(s) in it.
reset_run synth_1
launch_runs impl_1 -to_step write_bitstream -jobs 4
[Mon Mar  9 17:58:45 2020] Launched synth_1...
Run output will be captured here: D:/Windows/Downloads/lab7/lab7.runs/synth_1/runme.log
[Mon Mar  9 17:58:45 2020] Launched impl_1...
Run output will be captured here: D:/Windows/Downloads/lab7/lab7.runs/impl_1/runme.log
set_property PROBES.FILE {} [get_hw_devices xc7a35t_0]
set_property FULL_PROBES.FILE {} [get_hw_devices xc7a35t_0]
set_property PROGRAM.FILE {D:/Windows/Downloads/lab7/lab7.runs/impl_1/top_lab7.bit} [get_hw_devices xc7a35t_0]
program_hw_devices [get_hw_devices xc7a35t_0]
INFO: [Labtools 27-3164] End of startup status: HIGH
refresh_hw_device [lindex [get_hw_devices xc7a35t_0] 0]
INFO: [Labtools 27-1434] Device xc7a35t (JTAG device index = 0) is programmed with a design that has no supported debug core(s) in it.
reset_run synth_1
launch_runs impl_1 -to_step write_bitstream -jobs 4
[Mon Mar  9 18:06:18 2020] Launched synth_1...
Run output will be captured here: D:/Windows/Downloads/lab7/lab7.runs/synth_1/runme.log
[Mon Mar  9 18:06:18 2020] Launched impl_1...
Run output will be captured here: D:/Windows/Downloads/lab7/lab7.runs/impl_1/runme.log
set_property PROBES.FILE {} [get_hw_devices xc7a35t_0]
set_property FULL_PROBES.FILE {} [get_hw_devices xc7a35t_0]
set_property PROGRAM.FILE {D:/Windows/Downloads/lab7/lab7.runs/impl_1/top_lab7.bit} [get_hw_devices xc7a35t_0]
program_hw_devices [get_hw_devices xc7a35t_0]
INFO: [Labtools 27-3164] End of startup status: HIGH
refresh_hw_device [lindex [get_hw_devices xc7a35t_0] 0]
INFO: [Labtools 27-1434] Device xc7a35t (JTAG device index = 0) is programmed with a design that has no supported debug core(s) in it.
reset_run synth_1
launch_runs impl_1 -to_step write_bitstream -jobs 4
[Mon Mar  9 18:11:10 2020] Launched synth_1...
Run output will be captured here: D:/Windows/Downloads/lab7/lab7.runs/synth_1/runme.log
[Mon Mar  9 18:11:10 2020] Launched impl_1...
Run output will be captured here: D:/Windows/Downloads/lab7/lab7.runs/impl_1/runme.log
reset_run synth_1
launch_runs impl_1 -to_step write_bitstream -jobs 4
[Mon Mar  9 18:11:34 2020] Launched synth_1...
Run output will be captured here: D:/Windows/Downloads/lab7/lab7.runs/synth_1/runme.log
[Mon Mar  9 18:11:34 2020] Launched impl_1...
Run output will be captured here: D:/Windows/Downloads/lab7/lab7.runs/impl_1/runme.log
set_property PROBES.FILE {} [get_hw_devices xc7a35t_0]
set_property FULL_PROBES.FILE {} [get_hw_devices xc7a35t_0]
set_property PROGRAM.FILE {D:/Windows/Downloads/lab7/lab7.runs/impl_1/top_lab7.bit} [get_hw_devices xc7a35t_0]
program_hw_devices [get_hw_devices xc7a35t_0]
INFO: [Labtools 27-3164] End of startup status: HIGH
refresh_hw_device [lindex [get_hw_devices xc7a35t_0] 0]
INFO: [Labtools 27-1434] Device xc7a35t (JTAG device index = 0) is programmed with a design that has no supported debug core(s) in it.
reset_run synth_1
launch_runs impl_1 -to_step write_bitstream -jobs 4
[Mon Mar  9 18:15:15 2020] Launched synth_1...
Run output will be captured here: D:/Windows/Downloads/lab7/lab7.runs/synth_1/runme.log
[Mon Mar  9 18:15:15 2020] Launched impl_1...
Run output will be captured here: D:/Windows/Downloads/lab7/lab7.runs/impl_1/runme.log
reset_run synth_1
launch_runs impl_1 -to_step write_bitstream -jobs 4
[Mon Mar  9 18:16:21 2020] Launched synth_1...
Run output will be captured here: D:/Windows/Downloads/lab7/lab7.runs/synth_1/runme.log
[Mon Mar  9 18:16:21 2020] Launched impl_1...
Run output will be captured here: D:/Windows/Downloads/lab7/lab7.runs/impl_1/runme.log
set_property PROBES.FILE {} [get_hw_devices xc7a35t_0]
set_property FULL_PROBES.FILE {} [get_hw_devices xc7a35t_0]
set_property PROGRAM.FILE {D:/Windows/Downloads/lab7/lab7.runs/impl_1/top_lab7.bit} [get_hw_devices xc7a35t_0]
program_hw_devices [get_hw_devices xc7a35t_0]
INFO: [Labtools 27-3164] End of startup status: HIGH
refresh_hw_device [lindex [get_hw_devices xc7a35t_0] 0]
INFO: [Labtools 27-1434] Device xc7a35t (JTAG device index = 0) is programmed with a design that has no supported debug core(s) in it.
reset_run synth_1
launch_runs impl_1 -to_step write_bitstream -jobs 4
[Mon Mar  9 18:22:22 2020] Launched synth_1...
Run output will be captured here: D:/Windows/Downloads/lab7/lab7.runs/synth_1/runme.log
[Mon Mar  9 18:22:22 2020] Launched impl_1...
Run output will be captured here: D:/Windows/Downloads/lab7/lab7.runs/impl_1/runme.log
set_property PROBES.FILE {} [get_hw_devices xc7a35t_0]
set_property FULL_PROBES.FILE {} [get_hw_devices xc7a35t_0]
set_property PROGRAM.FILE {D:/Windows/Downloads/lab7/lab7.runs/impl_1/top_lab7.bit} [get_hw_devices xc7a35t_0]
program_hw_devices [get_hw_devices xc7a35t_0]
INFO: [Labtools 27-3164] End of startup status: HIGH
refresh_hw_device [lindex [get_hw_devices xc7a35t_0] 0]
INFO: [Labtools 27-1434] Device xc7a35t (JTAG device index = 0) is programmed with a design that has no supported debug core(s) in it.
reset_run synth_1
launch_runs impl_1 -to_step write_bitstream -jobs 4
[Mon Mar  9 18:28:37 2020] Launched synth_1...
Run output will be captured here: D:/Windows/Downloads/lab7/lab7.runs/synth_1/runme.log
[Mon Mar  9 18:28:37 2020] Launched impl_1...
Run output will be captured here: D:/Windows/Downloads/lab7/lab7.runs/impl_1/runme.log
set_property PROBES.FILE {} [get_hw_devices xc7a35t_0]
set_property FULL_PROBES.FILE {} [get_hw_devices xc7a35t_0]
set_property PROGRAM.FILE {D:/Windows/Downloads/lab7/lab7.runs/impl_1/top_lab7.bit} [get_hw_devices xc7a35t_0]
program_hw_devices [get_hw_devices xc7a35t_0]
INFO: [Labtools 27-3164] End of startup status: HIGH
refresh_hw_device [lindex [get_hw_devices xc7a35t_0] 0]
INFO: [Labtools 27-1434] Device xc7a35t (JTAG device index = 0) is programmed with a design that has no supported debug core(s) in it.
reset_run synth_1
launch_runs impl_1 -to_step write_bitstream -jobs 4
[Mon Mar  9 18:34:15 2020] Launched synth_1...
Run output will be captured here: D:/Windows/Downloads/lab7/lab7.runs/synth_1/runme.log
[Mon Mar  9 18:34:15 2020] Launched impl_1...
Run output will be captured here: D:/Windows/Downloads/lab7/lab7.runs/impl_1/runme.log
set_property PROBES.FILE {} [get_hw_devices xc7a35t_0]
set_property FULL_PROBES.FILE {} [get_hw_devices xc7a35t_0]
set_property PROGRAM.FILE {D:/Windows/Downloads/lab7/lab7.runs/impl_1/top_lab7.bit} [get_hw_devices xc7a35t_0]
program_hw_devices [get_hw_devices xc7a35t_0]
INFO: [Labtools 27-3164] End of startup status: HIGH
refresh_hw_device [lindex [get_hw_devices xc7a35t_0] 0]
INFO: [Labtools 27-1434] Device xc7a35t (JTAG device index = 0) is programmed with a design that has no supported debug core(s) in it.
update_compile_order -fileset sources_1
reset_run synth_1
launch_runs impl_1 -to_step write_bitstream -jobs 4
[Mon Mar  9 18:37:28 2020] Launched synth_1...
Run output will be captured here: D:/Windows/Downloads/lab7/lab7.runs/synth_1/runme.log
[Mon Mar  9 18:37:28 2020] Launched impl_1...
Run output will be captured here: D:/Windows/Downloads/lab7/lab7.runs/impl_1/runme.log
set_property PROBES.FILE {} [get_hw_devices xc7a35t_0]
set_property FULL_PROBES.FILE {} [get_hw_devices xc7a35t_0]
set_property PROGRAM.FILE {D:/Windows/Downloads/lab7/lab7.runs/impl_1/top_lab7.bit} [get_hw_devices xc7a35t_0]
program_hw_devices [get_hw_devices xc7a35t_0]
INFO: [Labtools 27-3164] End of startup status: HIGH
refresh_hw_device [lindex [get_hw_devices xc7a35t_0] 0]
INFO: [Labtools 27-1434] Device xc7a35t (JTAG device index = 0) is programmed with a design that has no supported debug core(s) in it.
update_compile_order -fileset sources_1
reset_run synth_1
launch_runs impl_1 -to_step write_bitstream -jobs 4
[Mon Mar  9 18:55:16 2020] Launched synth_1...
Run output will be captured here: D:/Windows/Downloads/lab7/lab7.runs/synth_1/runme.log
[Mon Mar  9 18:55:16 2020] Launched impl_1...
Run output will be captured here: D:/Windows/Downloads/lab7/lab7.runs/impl_1/runme.log
set_property PROBES.FILE {} [get_hw_devices xc7a35t_0]
set_property FULL_PROBES.FILE {} [get_hw_devices xc7a35t_0]
set_property PROGRAM.FILE {D:/Windows/Downloads/lab7/lab7.runs/impl_1/top_lab7.bit} [get_hw_devices xc7a35t_0]
program_hw_devices [get_hw_devices xc7a35t_0]
INFO: [Labtools 27-3164] End of startup status: HIGH
refresh_hw_device [lindex [get_hw_devices xc7a35t_0] 0]
INFO: [Labtools 27-1434] Device xc7a35t (JTAG device index = 0) is programmed with a design that has no supported debug core(s) in it.
reset_run synth_1
launch_runs impl_1 -to_step write_bitstream -jobs 4
[Mon Mar  9 18:58:58 2020] Launched synth_1...
Run output will be captured here: D:/Windows/Downloads/lab7/lab7.runs/synth_1/runme.log
[Mon Mar  9 18:58:58 2020] Launched impl_1...
Run output will be captured here: D:/Windows/Downloads/lab7/lab7.runs/impl_1/runme.log
set_property PROBES.FILE {} [get_hw_devices xc7a35t_0]
set_property FULL_PROBES.FILE {} [get_hw_devices xc7a35t_0]
set_property PROGRAM.FILE {D:/Windows/Downloads/lab7/lab7.runs/impl_1/top_lab7.bit} [get_hw_devices xc7a35t_0]
program_hw_devices [get_hw_devices xc7a35t_0]
INFO: [Labtools 27-3164] End of startup status: HIGH
refresh_hw_device [lindex [get_hw_devices xc7a35t_0] 0]
INFO: [Labtools 27-1434] Device xc7a35t (JTAG device index = 0) is programmed with a design that has no supported debug core(s) in it.
reset_run synth_1
launch_runs impl_1 -to_step write_bitstream -jobs 4
[Mon Mar  9 19:02:38 2020] Launched synth_1...
Run output will be captured here: D:/Windows/Downloads/lab7/lab7.runs/synth_1/runme.log
[Mon Mar  9 19:02:38 2020] Launched impl_1...
Run output will be captured here: D:/Windows/Downloads/lab7/lab7.runs/impl_1/runme.log
set_property PROBES.FILE {} [get_hw_devices xc7a35t_0]
set_property FULL_PROBES.FILE {} [get_hw_devices xc7a35t_0]
set_property PROGRAM.FILE {D:/Windows/Downloads/lab7/lab7.runs/impl_1/top_lab7.bit} [get_hw_devices xc7a35t_0]
program_hw_devices [get_hw_devices xc7a35t_0]
INFO: [Labtools 27-3164] End of startup status: HIGH
refresh_hw_device [lindex [get_hw_devices xc7a35t_0] 0]
INFO: [Labtools 27-1434] Device xc7a35t (JTAG device index = 0) is programmed with a design that has no supported debug core(s) in it.
reset_run synth_1
launch_runs impl_1 -to_step write_bitstream -jobs 4
[Mon Mar  9 19:08:21 2020] Launched synth_1...
Run output will be captured here: D:/Windows/Downloads/lab7/lab7.runs/synth_1/runme.log
[Mon Mar  9 19:08:21 2020] Launched impl_1...
Run output will be captured here: D:/Windows/Downloads/lab7/lab7.runs/impl_1/runme.log
set_property PROBES.FILE {} [get_hw_devices xc7a35t_0]
set_property FULL_PROBES.FILE {} [get_hw_devices xc7a35t_0]
set_property PROGRAM.FILE {D:/Windows/Downloads/lab7/lab7.runs/impl_1/top_lab7.bit} [get_hw_devices xc7a35t_0]
program_hw_devices [get_hw_devices xc7a35t_0]
INFO: [Labtools 27-3164] End of startup status: HIGH
refresh_hw_device [lindex [get_hw_devices xc7a35t_0] 0]
INFO: [Labtools 27-1434] Device xc7a35t (JTAG device index = 0) is programmed with a design that has no supported debug core(s) in it.
reset_run synth_1
launch_runs impl_1 -to_step write_bitstream -jobs 4
[Mon Mar  9 19:15:29 2020] Launched synth_1...
Run output will be captured here: D:/Windows/Downloads/lab7/lab7.runs/synth_1/runme.log
[Mon Mar  9 19:15:29 2020] Launched impl_1...
Run output will be captured here: D:/Windows/Downloads/lab7/lab7.runs/impl_1/runme.log
set_property PROBES.FILE {} [get_hw_devices xc7a35t_0]
set_property FULL_PROBES.FILE {} [get_hw_devices xc7a35t_0]
set_property PROGRAM.FILE {D:/Windows/Downloads/lab7/lab7.runs/impl_1/top_lab7.bit} [get_hw_devices xc7a35t_0]
program_hw_devices [get_hw_devices xc7a35t_0]
INFO: [Labtools 27-3164] End of startup status: HIGH
refresh_hw_device [lindex [get_hw_devices xc7a35t_0] 0]
INFO: [Labtools 27-1434] Device xc7a35t (JTAG device index = 0) is programmed with a design that has no supported debug core(s) in it.
reset_run synth_1
launch_runs impl_1 -to_step write_bitstream -jobs 4
[Mon Mar  9 19:19:35 2020] Launched synth_1...
Run output will be captured here: D:/Windows/Downloads/lab7/lab7.runs/synth_1/runme.log
[Mon Mar  9 19:19:35 2020] Launched impl_1...
Run output will be captured here: D:/Windows/Downloads/lab7/lab7.runs/impl_1/runme.log
reset_run synth_1
launch_runs impl_1 -to_step write_bitstream -jobs 4
[Mon Mar  9 19:20:28 2020] Launched synth_1...
Run output will be captured here: D:/Windows/Downloads/lab7/lab7.runs/synth_1/runme.log
[Mon Mar  9 19:20:28 2020] Launched impl_1...
Run output will be captured here: D:/Windows/Downloads/lab7/lab7.runs/impl_1/runme.log
set_property PROBES.FILE {} [get_hw_devices xc7a35t_0]
set_property FULL_PROBES.FILE {} [get_hw_devices xc7a35t_0]
set_property PROGRAM.FILE {D:/Windows/Downloads/lab7/lab7.runs/impl_1/top_lab7.bit} [get_hw_devices xc7a35t_0]
program_hw_devices [get_hw_devices xc7a35t_0]
INFO: [Labtools 27-3164] End of startup status: HIGH
refresh_hw_device [lindex [get_hw_devices xc7a35t_0] 0]
INFO: [Labtools 27-1434] Device xc7a35t (JTAG device index = 0) is programmed with a design that has no supported debug core(s) in it.
reset_run synth_1
launch_runs impl_1 -to_step write_bitstream -jobs 4
[Mon Mar  9 19:29:38 2020] Launched synth_1...
Run output will be captured here: D:/Windows/Downloads/lab7/lab7.runs/synth_1/runme.log
[Mon Mar  9 19:29:38 2020] Launched impl_1...
Run output will be captured here: D:/Windows/Downloads/lab7/lab7.runs/impl_1/runme.log
set_property PROBES.FILE {} [get_hw_devices xc7a35t_0]
set_property FULL_PROBES.FILE {} [get_hw_devices xc7a35t_0]
set_property PROGRAM.FILE {D:/Windows/Downloads/lab7/lab7.runs/impl_1/top_lab7.bit} [get_hw_devices xc7a35t_0]
program_hw_devices [get_hw_devices xc7a35t_0]
INFO: [Labtools 27-3164] End of startup status: HIGH
refresh_hw_device [lindex [get_hw_devices xc7a35t_0] 0]
INFO: [Labtools 27-1434] Device xc7a35t (JTAG device index = 0) is programmed with a design that has no supported debug core(s) in it.
set_property PROBES.FILE {} [get_hw_devices xc7a35t_0]
set_property FULL_PROBES.FILE {} [get_hw_devices xc7a35t_0]
set_property PROGRAM.FILE {D:/Windows/Downloads/lab7/lab7.runs/impl_1/top_lab7.bit} [get_hw_devices xc7a35t_0]
program_hw_devices [get_hw_devices xc7a35t_0]
INFO: [Labtools 27-3164] End of startup status: HIGH
refresh_hw_device [lindex [get_hw_devices xc7a35t_0] 0]
INFO: [Labtools 27-1434] Device xc7a35t (JTAG device index = 0) is programmed with a design that has no supported debug core(s) in it.
reset_run synth_1
launch_runs impl_1 -to_step write_bitstream -jobs 4
[Mon Mar  9 19:32:58 2020] Launched synth_1...
Run output will be captured here: D:/Windows/Downloads/lab7/lab7.runs/synth_1/runme.log
[Mon Mar  9 19:32:58 2020] Launched impl_1...
Run output will be captured here: D:/Windows/Downloads/lab7/lab7.runs/impl_1/runme.log
set_property PROBES.FILE {} [get_hw_devices xc7a35t_0]
set_property FULL_PROBES.FILE {} [get_hw_devices xc7a35t_0]
set_property PROGRAM.FILE {D:/Windows/Downloads/lab7/lab7.runs/impl_1/top_lab7.bit} [get_hw_devices xc7a35t_0]
program_hw_devices [get_hw_devices xc7a35t_0]
INFO: [Labtools 27-3164] End of startup status: HIGH
refresh_hw_device [lindex [get_hw_devices xc7a35t_0] 0]
INFO: [Labtools 27-1434] Device xc7a35t (JTAG device index = 0) is programmed with a design that has no supported debug core(s) in it.
archive_project D:/Windows/Downloads/lab7.xpr.zip -temp_dir D:/Windows/Downloads/lab7/.Xil/Vivado-7804-DESKTOP-NOA060L -force -include_local_ip_cache
INFO: [Coretcl 2-137] starting archive...
INFO: [Coretcl 2-1499] Saving project copy to temporary location 'D:/Windows/Downloads/lab7/.Xil/Vivado-7804-DESKTOP-NOA060L' for archiving project
Scanning sources...
Finished scanning sources
INFO: [Coretcl 2-1211] Creating project copy for archival...
INFO: [Coretcl 2-1213] Including run results for 'synth_1'
INFO: [Coretcl 2-1213] Including run results for 'impl_1'
INFO: [Coretcl 2-1212] Importing remotely added design sources and verilog include files (if any)...
INFO: [filemgmt 20-334] All file(s) are already imported in fileset: 'constrs_1'
INFO: [filemgmt 20-348] Importing the appropriate files for fileset: 'constrs_1'
INFO: [filemgmt 20-334] All file(s) are already imported in fileset: 'sim_1'
INFO: [filemgmt 20-348] Importing the appropriate files for fileset: 'sim_1'
INFO: [filemgmt 20-348] Importing the appropriate files for fileset: 'sources_1'
INFO: [Coretcl 2-1209] Adding archive summary file to the project...
INFO: [Coretcl 2-1214] Preparing project files for archive...
INFO: [Coretcl 2-1210] Compressing project files and data...
INFO: [Coretcl 2-1215] Project archived (D:/Windows/Downloads/lab7.xpr.zip)
INFO: [Coretcl 2-1216] To view the archive summary log in GUI, double click on 'Design Sources->Text->archive_project_summary.txt', or open this file from the archived project directory.
archive_project: Time (s): cpu = 00:00:02 ; elapsed = 00:00:05 . Memory (MB): peak = 2194.160 ; gain = 15.922
exit
INFO: [Common 17-206] Exiting Vivado at Mon Mar  9 19:39:36 2020...
