#-----------------------------------------------------------
# Vivado v2019.1 (64-bit)
# SW Build 2552052 on Fri May 24 14:49:42 MDT 2019
# IP Build 2548770 on Fri May 24 18:01:18 MDT 2019
# Start of session at: Mon Mar  9 11:22:07 2020
# Process ID: 1716
# Current directory: D:/Windows/Downloads/lab7
# Command line: vivado.exe -gui_launcher_event rodinguilauncherevent6732 D:\Windows\Downloads\lab7\lab7.xpr
# Log file: D:/Windows/Downloads/lab7/vivado.log
# Journal file: D:/Windows/Downloads/lab7\vivado.jou
#-----------------------------------------------------------
start_gui
open_project D:/Windows/Downloads/lab7/lab7.xpr
Scanning sources...
Finished scanning sources
INFO: [IP_Flow 19-234] Refreshing IP repositories
INFO: [IP_Flow 19-1704] No user IP repositories specified
INFO: [IP_Flow 19-2313] Loaded Vivado IP repository 'D:/Programs/Xilinix/Vivado/2019.1/data/ip'.
open_project: Time (s): cpu = 00:00:19 ; elapsed = 00:00:18 . Memory (MB): peak = 672.605 ; gain = 73.508
update_compile_order -fileset sources_1
open_hw
connect_hw_server
INFO: [Labtools 27-2285] Connecting to hw_server url TCP:localhost:3121
INFO: [Labtools 27-2222] Launching hw_server...
INFO: [Labtools 27-2221] Launch Output:

****** Xilinx hw_server v2019.1
  **** Build date : May 24 2019 at 15:13:31
    ** Copyright 1986-2019 Xilinx, Inc. All Rights Reserved.


connect_hw_server: Time (s): cpu = 00:00:02 ; elapsed = 00:00:05 . Memory (MB): peak = 688.320 ; gain = 0.000
open_hw_target
INFO: [Labtoolstcl 44-466] Opening hw_target localhost:3121/xilinx_tcf/Digilent/210183A2827DA
set_property PROGRAM.FILE {D:/Windows/Downloads/lab7/lab7.runs/impl_1/top_lab7.bit} [get_hw_devices xc7a35t_0]
current_hw_device [get_hw_devices xc7a35t_0]
refresh_hw_device -update_hw_probes false [lindex [get_hw_devices xc7a35t_0] 0]
INFO: [Labtools 27-1435] Device xc7a35t (JTAG device index = 0) is not programmed (DONE status = 0).
set_property PROBES.FILE {} [get_hw_devices xc7a35t_0]
set_property FULL_PROBES.FILE {} [get_hw_devices xc7a35t_0]
set_property PROGRAM.FILE {D:/Windows/Downloads/lab7/lab7.runs/impl_1/top_lab7.bit} [get_hw_devices xc7a35t_0]
program_hw_devices [get_hw_devices xc7a35t_0]
INFO: [Labtools 27-3164] End of startup status: HIGH
refresh_hw_device [lindex [get_hw_devices xc7a35t_0] 0]
INFO: [Labtools 27-1434] Device xc7a35t (JTAG device index = 0) is programmed with a design that has no supported debug core(s) in it.
update_compile_order -fileset sources_1
reset_run synth_1
ERROR: [Project 1-202] Error writing the XML file 'D:/Windows/Downloads/lab7/lab7.runs/impl_1/gen_run.xml'
reset_run synth_1
launch_runs impl_1 -to_step write_bitstream -jobs 4
[Mon Mar  9 11:27:21 2020] Launched synth_1...
Run output will be captured here: D:/Windows/Downloads/lab7/lab7.runs/synth_1/runme.log
[Mon Mar  9 11:27:22 2020] Launched impl_1...
Run output will be captured here: D:/Windows/Downloads/lab7/lab7.runs/impl_1/runme.log
set_property PROBES.FILE {} [get_hw_devices xc7a35t_0]
set_property FULL_PROBES.FILE {} [get_hw_devices xc7a35t_0]
set_property PROGRAM.FILE {D:/Windows/Downloads/lab7/lab7.runs/impl_1/top_lab7.bit} [get_hw_devices xc7a35t_0]
program_hw_devices [get_hw_devices xc7a35t_0]
INFO: [Labtools 27-3164] End of startup status: HIGH
refresh_hw_device [lindex [get_hw_devices xc7a35t_0] 0]
INFO: [Labtools 27-1434] Device xc7a35t (JTAG device index = 0) is programmed with a design that has no supported debug core(s) in it.
reset_run synth_1
launch_runs impl_1 -to_step write_bitstream -jobs 4
[Mon Mar  9 11:31:33 2020] Launched synth_1...
Run output will be captured here: D:/Windows/Downloads/lab7/lab7.runs/synth_1/runme.log
[Mon Mar  9 11:31:33 2020] Launched impl_1...
Run output will be captured here: D:/Windows/Downloads/lab7/lab7.runs/impl_1/runme.log
set_property PROBES.FILE {} [get_hw_devices xc7a35t_0]
set_property FULL_PROBES.FILE {} [get_hw_devices xc7a35t_0]
set_property PROGRAM.FILE {D:/Windows/Downloads/lab7/lab7.runs/impl_1/top_lab7.bit} [get_hw_devices xc7a35t_0]
program_hw_devices [get_hw_devices xc7a35t_0]
INFO: [Labtools 27-3164] End of startup status: HIGH
refresh_hw_device [lindex [get_hw_devices xc7a35t_0] 0]
INFO: [Labtools 27-1434] Device xc7a35t (JTAG device index = 0) is programmed with a design that has no supported debug core(s) in it.
set_property PROBES.FILE {} [get_hw_devices xc7a35t_0]
set_property FULL_PROBES.FILE {} [get_hw_devices xc7a35t_0]
set_property PROGRAM.FILE {D:/Windows/Downloads/lab7/lab7.runs/impl_1/top_lab7.bit} [get_hw_devices xc7a35t_0]
program_hw_devices [get_hw_devices xc7a35t_0]
INFO: [Labtools 27-3164] End of startup status: HIGH
refresh_hw_device [lindex [get_hw_devices xc7a35t_0] 0]
INFO: [Labtools 27-1434] Device xc7a35t (JTAG device index = 0) is programmed with a design that has no supported debug core(s) in it.
reset_run synth_1
launch_runs impl_1 -to_step write_bitstream -jobs 4
[Mon Mar  9 11:36:13 2020] Launched synth_1...
Run output will be captured here: D:/Windows/Downloads/lab7/lab7.runs/synth_1/runme.log
[Mon Mar  9 11:36:13 2020] Launched impl_1...
Run output will be captured here: D:/Windows/Downloads/lab7/lab7.runs/impl_1/runme.log
set_property PROBES.FILE {} [get_hw_devices xc7a35t_0]
set_property FULL_PROBES.FILE {} [get_hw_devices xc7a35t_0]
set_property PROGRAM.FILE {D:/Windows/Downloads/lab7/lab7.runs/impl_1/top_lab7.bit} [get_hw_devices xc7a35t_0]
program_hw_devices [get_hw_devices xc7a35t_0]
INFO: [Labtools 27-3164] End of startup status: HIGH
refresh_hw_device [lindex [get_hw_devices xc7a35t_0] 0]
INFO: [Labtools 27-1434] Device xc7a35t (JTAG device index = 0) is programmed with a design that has no supported debug core(s) in it.
reset_run synth_1
launch_runs impl_1 -to_step write_bitstream -jobs 4
[Mon Mar  9 11:43:25 2020] Launched synth_1...
Run output will be captured here: D:/Windows/Downloads/lab7/lab7.runs/synth_1/runme.log
[Mon Mar  9 11:43:25 2020] Launched impl_1...
Run output will be captured here: D:/Windows/Downloads/lab7/lab7.runs/impl_1/runme.log
set_property PROBES.FILE {} [get_hw_devices xc7a35t_0]
set_property FULL_PROBES.FILE {} [get_hw_devices xc7a35t_0]
set_property PROGRAM.FILE {D:/Windows/Downloads/lab7/lab7.runs/impl_1/top_lab7.bit} [get_hw_devices xc7a35t_0]
program_hw_devices [get_hw_devices xc7a35t_0]
INFO: [Labtools 27-3164] End of startup status: HIGH
refresh_hw_device [lindex [get_hw_devices xc7a35t_0] 0]
INFO: [Labtools 27-1434] Device xc7a35t (JTAG device index = 0) is programmed with a design that has no supported debug core(s) in it.
reset_run synth_1
launch_runs impl_1 -to_step write_bitstream -jobs 4
[Mon Mar  9 11:46:49 2020] Launched synth_1...
Run output will be captured here: D:/Windows/Downloads/lab7/lab7.runs/synth_1/runme.log
[Mon Mar  9 11:46:49 2020] Launched impl_1...
Run output will be captured here: D:/Windows/Downloads/lab7/lab7.runs/impl_1/runme.log
set_property PROBES.FILE {} [get_hw_devices xc7a35t_0]
set_property FULL_PROBES.FILE {} [get_hw_devices xc7a35t_0]
set_property PROGRAM.FILE {D:/Windows/Downloads/lab7/lab7.runs/impl_1/top_lab7.bit} [get_hw_devices xc7a35t_0]
program_hw_devices [get_hw_devices xc7a35t_0]
INFO: [Labtools 27-3164] End of startup status: HIGH
refresh_hw_device [lindex [get_hw_devices xc7a35t_0] 0]
INFO: [Labtools 27-1434] Device xc7a35t (JTAG device index = 0) is programmed with a design that has no supported debug core(s) in it.
reset_run synth_1
launch_runs impl_1 -to_step write_bitstream -jobs 4
[Mon Mar  9 11:51:19 2020] Launched synth_1...
Run output will be captured here: D:/Windows/Downloads/lab7/lab7.runs/synth_1/runme.log
[Mon Mar  9 11:51:19 2020] Launched impl_1...
Run output will be captured here: D:/Windows/Downloads/lab7/lab7.runs/impl_1/runme.log
reset_run synth_1
launch_runs impl_1 -to_step write_bitstream -jobs 4
[Mon Mar  9 11:52:30 2020] Launched synth_1...
Run output will be captured here: D:/Windows/Downloads/lab7/lab7.runs/synth_1/runme.log
[Mon Mar  9 11:52:31 2020] Launched impl_1...
Run output will be captured here: D:/Windows/Downloads/lab7/lab7.runs/impl_1/runme.log
set_property PROBES.FILE {} [get_hw_devices xc7a35t_0]
set_property FULL_PROBES.FILE {} [get_hw_devices xc7a35t_0]
set_property PROGRAM.FILE {D:/Windows/Downloads/lab7/lab7.runs/impl_1/top_lab7.bit} [get_hw_devices xc7a35t_0]
program_hw_devices [get_hw_devices xc7a35t_0]
INFO: [Labtools 27-3164] End of startup status: HIGH
refresh_hw_device [lindex [get_hw_devices xc7a35t_0] 0]
INFO: [Labtools 27-1434] Device xc7a35t (JTAG device index = 0) is programmed with a design that has no supported debug core(s) in it.
update_compile_order -fileset sources_1
reset_run synth_1
launch_runs impl_1 -to_step write_bitstream -jobs 4
[Mon Mar  9 11:57:09 2020] Launched synth_1...
Run output will be captured here: D:/Windows/Downloads/lab7/lab7.runs/synth_1/runme.log
[Mon Mar  9 11:57:09 2020] Launched impl_1...
Run output will be captured here: D:/Windows/Downloads/lab7/lab7.runs/impl_1/runme.log
set_property PROBES.FILE {} [get_hw_devices xc7a35t_0]
set_property FULL_PROBES.FILE {} [get_hw_devices xc7a35t_0]
set_property PROGRAM.FILE {D:/Windows/Downloads/lab7/lab7.runs/impl_1/top_lab7.bit} [get_hw_devices xc7a35t_0]
program_hw_devices [get_hw_devices xc7a35t_0]
INFO: [Labtools 27-3164] End of startup status: HIGH
refresh_hw_device [lindex [get_hw_devices xc7a35t_0] 0]
INFO: [Labtools 27-1434] Device xc7a35t (JTAG device index = 0) is programmed with a design that has no supported debug core(s) in it.
reset_run synth_1
launch_runs impl_1 -to_step write_bitstream -jobs 4
[Mon Mar  9 12:01:56 2020] Launched synth_1...
Run output will be captured here: D:/Windows/Downloads/lab7/lab7.runs/synth_1/runme.log
[Mon Mar  9 12:01:56 2020] Launched impl_1...
Run output will be captured here: D:/Windows/Downloads/lab7/lab7.runs/impl_1/runme.log
set_property PROBES.FILE {} [get_hw_devices xc7a35t_0]
set_property FULL_PROBES.FILE {} [get_hw_devices xc7a35t_0]
set_property PROGRAM.FILE {D:/Windows/Downloads/lab7/lab7.runs/impl_1/top_lab7.bit} [get_hw_devices xc7a35t_0]
program_hw_devices [get_hw_devices xc7a35t_0]
INFO: [Labtools 27-3164] End of startup status: HIGH
refresh_hw_device [lindex [get_hw_devices xc7a35t_0] 0]
INFO: [Labtools 27-1434] Device xc7a35t (JTAG device index = 0) is programmed with a design that has no supported debug core(s) in it.
reset_run synth_1
launch_runs impl_1 -to_step write_bitstream -jobs 4
[Mon Mar  9 12:05:03 2020] Launched synth_1...
Run output will be captured here: D:/Windows/Downloads/lab7/lab7.runs/synth_1/runme.log
[Mon Mar  9 12:05:03 2020] Launched impl_1...
Run output will be captured here: D:/Windows/Downloads/lab7/lab7.runs/impl_1/runme.log
reset_run impl_1
reset_run synth_1
launch_runs impl_1 -to_step write_bitstream -jobs 4
[Mon Mar  9 12:09:07 2020] Launched synth_1...
Run output will be captured here: D:/Windows/Downloads/lab7/lab7.runs/synth_1/runme.log
[Mon Mar  9 12:09:07 2020] Launched impl_1...
Run output will be captured here: D:/Windows/Downloads/lab7/lab7.runs/impl_1/runme.log
set_property PROBES.FILE {} [get_hw_devices xc7a35t_0]
set_property FULL_PROBES.FILE {} [get_hw_devices xc7a35t_0]
set_property PROGRAM.FILE {D:/Windows/Downloads/lab7/lab7.runs/impl_1/top_lab7.bit} [get_hw_devices xc7a35t_0]
program_hw_devices [get_hw_devices xc7a35t_0]
INFO: [Labtools 27-3164] End of startup status: HIGH
refresh_hw_device [lindex [get_hw_devices xc7a35t_0] 0]
INFO: [Labtools 27-1434] Device xc7a35t (JTAG device index = 0) is programmed with a design that has no supported debug core(s) in it.
reset_run synth_1
launch_runs impl_1 -to_step write_bitstream -jobs 4
[Mon Mar  9 12:12:55 2020] Launched synth_1...
Run output will be captured here: D:/Windows/Downloads/lab7/lab7.runs/synth_1/runme.log
[Mon Mar  9 12:12:55 2020] Launched impl_1...
Run output will be captured here: D:/Windows/Downloads/lab7/lab7.runs/impl_1/runme.log
reset_run impl_1
reset_run synth_1
launch_runs impl_1 -to_step write_bitstream -jobs 4
[Mon Mar  9 12:17:30 2020] Launched synth_1...
Run output will be captured here: D:/Windows/Downloads/lab7/lab7.runs/synth_1/runme.log
[Mon Mar  9 12:17:30 2020] Launched impl_1...
Run output will be captured here: D:/Windows/Downloads/lab7/lab7.runs/impl_1/runme.log
set_property PROBES.FILE {} [get_hw_devices xc7a35t_0]
set_property FULL_PROBES.FILE {} [get_hw_devices xc7a35t_0]
set_property PROGRAM.FILE {D:/Windows/Downloads/lab7/lab7.runs/impl_1/top_lab7.bit} [get_hw_devices xc7a35t_0]
program_hw_devices [get_hw_devices xc7a35t_0]
INFO: [Labtools 27-3164] End of startup status: HIGH
refresh_hw_device [lindex [get_hw_devices xc7a35t_0] 0]
INFO: [Labtools 27-1434] Device xc7a35t (JTAG device index = 0) is programmed with a design that has no supported debug core(s) in it.
update_compile_order -fileset sources_1
reset_run synth_1
launch_runs impl_1 -to_step write_bitstream -jobs 4
[Mon Mar  9 12:22:11 2020] Launched synth_1...
Run output will be captured here: D:/Windows/Downloads/lab7/lab7.runs/synth_1/runme.log
[Mon Mar  9 12:22:12 2020] Launched impl_1...
Run output will be captured here: D:/Windows/Downloads/lab7/lab7.runs/impl_1/runme.log
reset_run impl_1
reset_run synth_1
launch_runs impl_1 -to_step write_bitstream -jobs 4
[Mon Mar  9 12:24:01 2020] Launched synth_1...
Run output will be captured here: D:/Windows/Downloads/lab7/lab7.runs/synth_1/runme.log
[Mon Mar  9 12:24:01 2020] Launched impl_1...
Run output will be captured here: D:/Windows/Downloads/lab7/lab7.runs/impl_1/runme.log
set_property PROBES.FILE {} [get_hw_devices xc7a35t_0]
set_property FULL_PROBES.FILE {} [get_hw_devices xc7a35t_0]
set_property PROGRAM.FILE {D:/Windows/Downloads/lab7/lab7.runs/impl_1/top_lab7.bit} [get_hw_devices xc7a35t_0]
program_hw_devices [get_hw_devices xc7a35t_0]
INFO: [Labtools 27-3164] End of startup status: HIGH
refresh_hw_device [lindex [get_hw_devices xc7a35t_0] 0]
INFO: [Labtools 27-1434] Device xc7a35t (JTAG device index = 0) is programmed with a design that has no supported debug core(s) in it.
reset_run synth_1
launch_runs impl_1 -to_step write_bitstream -jobs 4
[Mon Mar  9 12:31:28 2020] Launched synth_1...
Run output will be captured here: D:/Windows/Downloads/lab7/lab7.runs/synth_1/runme.log
[Mon Mar  9 12:31:28 2020] Launched impl_1...
Run output will be captured here: D:/Windows/Downloads/lab7/lab7.runs/impl_1/runme.log
set_property PROBES.FILE {} [get_hw_devices xc7a35t_0]
set_property FULL_PROBES.FILE {} [get_hw_devices xc7a35t_0]
set_property PROGRAM.FILE {D:/Windows/Downloads/lab7/lab7.runs/impl_1/top_lab7.bit} [get_hw_devices xc7a35t_0]
program_hw_devices [get_hw_devices xc7a35t_0]
INFO: [Labtools 27-3164] End of startup status: HIGH
refresh_hw_device [lindex [get_hw_devices xc7a35t_0] 0]
INFO: [Labtools 27-1434] Device xc7a35t (JTAG device index = 0) is programmed with a design that has no supported debug core(s) in it.
set_property PROBES.FILE {} [get_hw_devices xc7a35t_0]
set_property FULL_PROBES.FILE {} [get_hw_devices xc7a35t_0]
set_property PROGRAM.FILE {D:/Windows/Downloads/lab7/lab7.runs/impl_1/top_lab7.bit} [get_hw_devices xc7a35t_0]
program_hw_devices [get_hw_devices xc7a35t_0]
INFO: [Labtools 27-3164] End of startup status: HIGH
refresh_hw_device [lindex [get_hw_devices xc7a35t_0] 0]
INFO: [Labtools 27-1434] Device xc7a35t (JTAG device index = 0) is programmed with a design that has no supported debug core(s) in it.
undo
INFO: [Common 17-17] undo 'set_property PROGRAM.FILE {D:/Windows/Downloads/lab7/lab7.runs/impl_1/top_lab7.bit} [get_hw_devices xc7a35t_0]'
reset_run synth_1
launch_runs impl_1 -to_step write_bitstream -jobs 4
[Mon Mar  9 12:35:25 2020] Launched synth_1...
Run output will be captured here: D:/Windows/Downloads/lab7/lab7.runs/synth_1/runme.log
[Mon Mar  9 12:35:25 2020] Launched impl_1...
Run output will be captured here: D:/Windows/Downloads/lab7/lab7.runs/impl_1/runme.log
set_property PROBES.FILE {} [get_hw_devices xc7a35t_0]
set_property FULL_PROBES.FILE {} [get_hw_devices xc7a35t_0]
set_property PROGRAM.FILE {D:/Windows/Downloads/lab7/lab7.runs/impl_1/top_lab7.bit} [get_hw_devices xc7a35t_0]
program_hw_devices [get_hw_devices xc7a35t_0]
INFO: [Labtools 27-3164] End of startup status: HIGH
refresh_hw_device [lindex [get_hw_devices xc7a35t_0] 0]
INFO: [Labtools 27-1434] Device xc7a35t (JTAG device index = 0) is programmed with a design that has no supported debug core(s) in it.
reset_run synth_1
launch_runs impl_1 -to_step write_bitstream -jobs 4
[Mon Mar  9 12:38:41 2020] Launched synth_1...
Run output will be captured here: D:/Windows/Downloads/lab7/lab7.runs/synth_1/runme.log
[Mon Mar  9 12:38:41 2020] Launched impl_1...
Run output will be captured here: D:/Windows/Downloads/lab7/lab7.runs/impl_1/runme.log
set_property PROBES.FILE {} [get_hw_devices xc7a35t_0]
set_property FULL_PROBES.FILE {} [get_hw_devices xc7a35t_0]
set_property PROGRAM.FILE {D:/Windows/Downloads/lab7/lab7.runs/impl_1/top_lab7.bit} [get_hw_devices xc7a35t_0]
program_hw_devices [get_hw_devices xc7a35t_0]
INFO: [Labtools 27-3164] End of startup status: HIGH
refresh_hw_device [lindex [get_hw_devices xc7a35t_0] 0]
INFO: [Labtools 27-1434] Device xc7a35t (JTAG device index = 0) is programmed with a design that has no supported debug core(s) in it.
update_compile_order -fileset sources_1
reset_run synth_1
launch_runs impl_1 -to_step write_bitstream -jobs 4
[Mon Mar  9 12:42:08 2020] Launched synth_1...
Run output will be captured here: D:/Windows/Downloads/lab7/lab7.runs/synth_1/runme.log
[Mon Mar  9 12:42:08 2020] Launched impl_1...
Run output will be captured here: D:/Windows/Downloads/lab7/lab7.runs/impl_1/runme.log
reset_run synth_1
launch_runs impl_1 -to_step write_bitstream -jobs 4
[Mon Mar  9 12:42:49 2020] Launched synth_1...
Run output will be captured here: D:/Windows/Downloads/lab7/lab7.runs/synth_1/runme.log
[Mon Mar  9 12:42:49 2020] Launched impl_1...
Run output will be captured here: D:/Windows/Downloads/lab7/lab7.runs/impl_1/runme.log
reset_run synth_1
launch_runs impl_1 -to_step write_bitstream -jobs 4
[Mon Mar  9 12:43:47 2020] Launched synth_1...
Run output will be captured here: D:/Windows/Downloads/lab7/lab7.runs/synth_1/runme.log
[Mon Mar  9 12:43:47 2020] Launched impl_1...
Run output will be captured here: D:/Windows/Downloads/lab7/lab7.runs/impl_1/runme.log
set_property PROBES.FILE {} [get_hw_devices xc7a35t_0]
set_property FULL_PROBES.FILE {} [get_hw_devices xc7a35t_0]
set_property PROGRAM.FILE {D:/Windows/Downloads/lab7/lab7.runs/impl_1/top_lab7.bit} [get_hw_devices xc7a35t_0]
program_hw_devices [get_hw_devices xc7a35t_0]
INFO: [Labtools 27-3164] End of startup status: HIGH
refresh_hw_device [lindex [get_hw_devices xc7a35t_0] 0]
INFO: [Labtools 27-1434] Device xc7a35t (JTAG device index = 0) is programmed with a design that has no supported debug core(s) in it.
undo
INFO: [Common 17-17] undo 'set_property PROGRAM.FILE {D:/Windows/Downloads/lab7/lab7.runs/impl_1/top_lab7.bit} [get_hw_devices xc7a35t_0]'
undo
INFO: [Common 17-17] undo 'set_property FULL_PROBES.FILE {} [get_hw_devices xc7a35t_0]'
undo
INFO: [Common 17-17] undo 'set_property PROBES.FILE {} [get_hw_devices xc7a35t_0]'
update_compile_order -fileset sources_1
reset_run synth_1
launch_runs impl_1 -to_step write_bitstream -jobs 4
[Mon Mar  9 12:50:24 2020] Launched synth_1...
Run output will be captured here: D:/Windows/Downloads/lab7/lab7.runs/synth_1/runme.log
[Mon Mar  9 12:50:24 2020] Launched impl_1...
Run output will be captured here: D:/Windows/Downloads/lab7/lab7.runs/impl_1/runme.log
set_property PROBES.FILE {} [get_hw_devices xc7a35t_0]
set_property FULL_PROBES.FILE {} [get_hw_devices xc7a35t_0]
set_property PROGRAM.FILE {D:/Windows/Downloads/lab7/lab7.runs/impl_1/top_lab7.bit} [get_hw_devices xc7a35t_0]
program_hw_devices [get_hw_devices xc7a35t_0]
INFO: [Labtools 27-3164] End of startup status: HIGH
refresh_hw_device [lindex [get_hw_devices xc7a35t_0] 0]
INFO: [Labtools 27-1434] Device xc7a35t (JTAG device index = 0) is programmed with a design that has no supported debug core(s) in it.
update_compile_order -fileset sources_1
reset_run synth_1
launch_runs impl_1 -to_step write_bitstream -jobs 4
[Mon Mar  9 12:56:05 2020] Launched synth_1...
Run output will be captured here: D:/Windows/Downloads/lab7/lab7.runs/synth_1/runme.log
[Mon Mar  9 12:56:06 2020] Launched impl_1...
Run output will be captured here: D:/Windows/Downloads/lab7/lab7.runs/impl_1/runme.log
set_property PROBES.FILE {} [get_hw_devices xc7a35t_0]
set_property FULL_PROBES.FILE {} [get_hw_devices xc7a35t_0]
set_property PROGRAM.FILE {D:/Windows/Downloads/lab7/lab7.runs/impl_1/top_lab7.bit} [get_hw_devices xc7a35t_0]
program_hw_devices [get_hw_devices xc7a35t_0]
INFO: [Labtools 27-3164] End of startup status: HIGH
refresh_hw_device [lindex [get_hw_devices xc7a35t_0] 0]
INFO: [Labtools 27-1434] Device xc7a35t (JTAG device index = 0) is programmed with a design that has no supported debug core(s) in it.
reset_run synth_1
launch_runs impl_1 -to_step write_bitstream -jobs 4
[Mon Mar  9 13:02:56 2020] Launched synth_1...
Run output will be captured here: D:/Windows/Downloads/lab7/lab7.runs/synth_1/runme.log
[Mon Mar  9 13:02:57 2020] Launched impl_1...
Run output will be captured here: D:/Windows/Downloads/lab7/lab7.runs/impl_1/runme.log
set_property PROBES.FILE {} [get_hw_devices xc7a35t_0]
set_property FULL_PROBES.FILE {} [get_hw_devices xc7a35t_0]
set_property PROGRAM.FILE {D:/Windows/Downloads/lab7/lab7.runs/impl_1/top_lab7.bit} [get_hw_devices xc7a35t_0]
program_hw_devices [get_hw_devices xc7a35t_0]
INFO: [Labtools 27-3164] End of startup status: HIGH
refresh_hw_device [lindex [get_hw_devices xc7a35t_0] 0]
INFO: [Labtools 27-1434] Device xc7a35t (JTAG device index = 0) is programmed with a design that has no supported debug core(s) in it.
reset_run synth_1
launch_runs impl_1 -to_step write_bitstream -jobs 4
[Mon Mar  9 13:09:22 2020] Launched synth_1...
Run output will be captured here: D:/Windows/Downloads/lab7/lab7.runs/synth_1/runme.log
[Mon Mar  9 13:09:22 2020] Launched impl_1...
Run output will be captured here: D:/Windows/Downloads/lab7/lab7.runs/impl_1/runme.log
set_property PROBES.FILE {} [get_hw_devices xc7a35t_0]
set_property FULL_PROBES.FILE {} [get_hw_devices xc7a35t_0]
set_property PROGRAM.FILE {D:/Windows/Downloads/lab7/lab7.runs/impl_1/top_lab7.bit} [get_hw_devices xc7a35t_0]
program_hw_devices [get_hw_devices xc7a35t_0]
INFO: [Labtools 27-3164] End of startup status: HIGH
refresh_hw_device [lindex [get_hw_devices xc7a35t_0] 0]
INFO: [Labtools 27-1434] Device xc7a35t (JTAG device index = 0) is programmed with a design that has no supported debug core(s) in it.
set_property PROBES.FILE {} [get_hw_devices xc7a35t_0]
set_property FULL_PROBES.FILE {} [get_hw_devices xc7a35t_0]
set_property PROGRAM.FILE {D:/Windows/Downloads/lab7/lab7.runs/impl_1/top_lab7.bit} [get_hw_devices xc7a35t_0]
program_hw_devices [get_hw_devices xc7a35t_0]
INFO: [Labtools 27-3164] End of startup status: HIGH
refresh_hw_device [lindex [get_hw_devices xc7a35t_0] 0]
INFO: [Labtools 27-1434] Device xc7a35t (JTAG device index = 0) is programmed with a design that has no supported debug core(s) in it.
reset_run synth_1
launch_runs impl_1 -to_step write_bitstream -jobs 4
[Mon Mar  9 13:12:36 2020] Launched synth_1...
Run output will be captured here: D:/Windows/Downloads/lab7/lab7.runs/synth_1/runme.log
[Mon Mar  9 13:12:36 2020] Launched impl_1...
Run output will be captured here: D:/Windows/Downloads/lab7/lab7.runs/impl_1/runme.log
set_property PROBES.FILE {} [get_hw_devices xc7a35t_0]
set_property FULL_PROBES.FILE {} [get_hw_devices xc7a35t_0]
set_property PROGRAM.FILE {D:/Windows/Downloads/lab7/lab7.runs/impl_1/top_lab7.bit} [get_hw_devices xc7a35t_0]
program_hw_devices [get_hw_devices xc7a35t_0]
INFO: [Labtools 27-3164] End of startup status: HIGH
refresh_hw_device [lindex [get_hw_devices xc7a35t_0] 0]
INFO: [Labtools 27-1434] Device xc7a35t (JTAG device index = 0) is programmed with a design that has no supported debug core(s) in it.
reset_run synth_1
launch_runs impl_1 -to_step write_bitstream -jobs 4
[Mon Mar  9 13:18:56 2020] Launched synth_1...
Run output will be captured here: D:/Windows/Downloads/lab7/lab7.runs/synth_1/runme.log
[Mon Mar  9 13:18:56 2020] Launched impl_1...
Run output will be captured here: D:/Windows/Downloads/lab7/lab7.runs/impl_1/runme.log
set_property PROBES.FILE {} [get_hw_devices xc7a35t_0]
set_property FULL_PROBES.FILE {} [get_hw_devices xc7a35t_0]
set_property PROGRAM.FILE {D:/Windows/Downloads/lab7/lab7.runs/impl_1/top_lab7.bit} [get_hw_devices xc7a35t_0]
program_hw_devices [get_hw_devices xc7a35t_0]
INFO: [Labtools 27-3164] End of startup status: HIGH
refresh_hw_device [lindex [get_hw_devices xc7a35t_0] 0]
INFO: [Labtools 27-1434] Device xc7a35t (JTAG device index = 0) is programmed with a design that has no supported debug core(s) in it.
reset_run synth_1
launch_runs impl_1 -to_step write_bitstream -jobs 4
[Mon Mar  9 13:24:46 2020] Launched synth_1...
Run output will be captured here: D:/Windows/Downloads/lab7/lab7.runs/synth_1/runme.log
[Mon Mar  9 13:24:46 2020] Launched impl_1...
Run output will be captured here: D:/Windows/Downloads/lab7/lab7.runs/impl_1/runme.log
set_property PROBES.FILE {} [get_hw_devices xc7a35t_0]
set_property FULL_PROBES.FILE {} [get_hw_devices xc7a35t_0]
set_property PROGRAM.FILE {D:/Windows/Downloads/lab7/lab7.runs/impl_1/top_lab7.bit} [get_hw_devices xc7a35t_0]
program_hw_devices [get_hw_devices xc7a35t_0]
INFO: [Labtools 27-3164] End of startup status: HIGH
refresh_hw_device [lindex [get_hw_devices xc7a35t_0] 0]
INFO: [Labtools 27-1434] Device xc7a35t (JTAG device index = 0) is programmed with a design that has no supported debug core(s) in it.
reset_run synth_1
launch_runs impl_1 -to_step write_bitstream -jobs 4
[Mon Mar  9 13:28:45 2020] Launched synth_1...
Run output will be captured here: D:/Windows/Downloads/lab7/lab7.runs/synth_1/runme.log
[Mon Mar  9 13:28:46 2020] Launched impl_1...
Run output will be captured here: D:/Windows/Downloads/lab7/lab7.runs/impl_1/runme.log
set_property PROBES.FILE {} [get_hw_devices xc7a35t_0]
set_property FULL_PROBES.FILE {} [get_hw_devices xc7a35t_0]
set_property PROGRAM.FILE {D:/Windows/Downloads/lab7/lab7.runs/impl_1/top_lab7.bit} [get_hw_devices xc7a35t_0]
program_hw_devices [get_hw_devices xc7a35t_0]
INFO: [Labtools 27-3164] End of startup status: HIGH
refresh_hw_device [lindex [get_hw_devices xc7a35t_0] 0]
INFO: [Labtools 27-1434] Device xc7a35t (JTAG device index = 0) is programmed with a design that has no supported debug core(s) in it.
reset_run synth_1
launch_runs impl_1 -to_step write_bitstream -jobs 4
[Mon Mar  9 13:33:21 2020] Launched synth_1...
Run output will be captured here: D:/Windows/Downloads/lab7/lab7.runs/synth_1/runme.log
[Mon Mar  9 13:33:21 2020] Launched impl_1...
Run output will be captured here: D:/Windows/Downloads/lab7/lab7.runs/impl_1/runme.log
set_property PROBES.FILE {} [get_hw_devices xc7a35t_0]
set_property FULL_PROBES.FILE {} [get_hw_devices xc7a35t_0]
set_property PROGRAM.FILE {D:/Windows/Downloads/lab7/lab7.runs/impl_1/top_lab7.bit} [get_hw_devices xc7a35t_0]
program_hw_devices [get_hw_devices xc7a35t_0]
INFO: [Labtools 27-3164] End of startup status: HIGH
refresh_hw_device [lindex [get_hw_devices xc7a35t_0] 0]
INFO: [Labtools 27-1434] Device xc7a35t (JTAG device index = 0) is programmed with a design that has no supported debug core(s) in it.
reset_run synth_1
launch_runs impl_1 -to_step write_bitstream -jobs 4
[Mon Mar  9 13:39:40 2020] Launched synth_1...
Run output will be captured here: D:/Windows/Downloads/lab7/lab7.runs/synth_1/runme.log
[Mon Mar  9 13:39:40 2020] Launched impl_1...
Run output will be captured here: D:/Windows/Downloads/lab7/lab7.runs/impl_1/runme.log
set_property PROBES.FILE {} [get_hw_devices xc7a35t_0]
set_property FULL_PROBES.FILE {} [get_hw_devices xc7a35t_0]
set_property PROGRAM.FILE {D:/Windows/Downloads/lab7/lab7.runs/impl_1/top_lab7.bit} [get_hw_devices xc7a35t_0]
program_hw_devices [get_hw_devices xc7a35t_0]
INFO: [Labtools 27-3164] End of startup status: HIGH
refresh_hw_device [lindex [get_hw_devices xc7a35t_0] 0]
INFO: [Labtools 27-1434] Device xc7a35t (JTAG device index = 0) is programmed with a design that has no supported debug core(s) in it.
reset_run synth_1
launch_runs impl_1 -to_step write_bitstream -jobs 4
[Mon Mar  9 13:45:31 2020] Launched synth_1...
Run output will be captured here: D:/Windows/Downloads/lab7/lab7.runs/synth_1/runme.log
[Mon Mar  9 13:45:31 2020] Launched impl_1...
Run output will be captured here: D:/Windows/Downloads/lab7/lab7.runs/impl_1/runme.log
set_property PROBES.FILE {} [get_hw_devices xc7a35t_0]
set_property FULL_PROBES.FILE {} [get_hw_devices xc7a35t_0]
set_property PROGRAM.FILE {D:/Windows/Downloads/lab7/lab7.runs/impl_1/top_lab7.bit} [get_hw_devices xc7a35t_0]
program_hw_devices [get_hw_devices xc7a35t_0]
INFO: [Labtools 27-3164] End of startup status: HIGH
refresh_hw_device [lindex [get_hw_devices xc7a35t_0] 0]
INFO: [Labtools 27-1434] Device xc7a35t (JTAG device index = 0) is programmed with a design that has no supported debug core(s) in it.
reset_run synth_1
launch_runs impl_1 -to_step write_bitstream -jobs 4
[Mon Mar  9 13:48:34 2020] Launched synth_1...
Run output will be captured here: D:/Windows/Downloads/lab7/lab7.runs/synth_1/runme.log
[Mon Mar  9 13:48:34 2020] Launched impl_1...
Run output will be captured here: D:/Windows/Downloads/lab7/lab7.runs/impl_1/runme.log
set_property PROBES.FILE {} [get_hw_devices xc7a35t_0]
set_property FULL_PROBES.FILE {} [get_hw_devices xc7a35t_0]
set_property PROGRAM.FILE {D:/Windows/Downloads/lab7/lab7.runs/impl_1/top_lab7.bit} [get_hw_devices xc7a35t_0]
program_hw_devices [get_hw_devices xc7a35t_0]
INFO: [Labtools 27-3164] End of startup status: HIGH
refresh_hw_device [lindex [get_hw_devices xc7a35t_0] 0]
INFO: [Labtools 27-1434] Device xc7a35t (JTAG device index = 0) is programmed with a design that has no supported debug core(s) in it.
exit
INFO: [Common 17-206] Exiting Vivado at Mon Mar  9 13:52:23 2020...
