#-----------------------------------------------------------
# Vivado v2019.1 (64-bit)
# SW Build 2552052 on Fri May 24 14:49:42 MDT 2019
# IP Build 2548770 on Fri May 24 18:01:18 MDT 2019
# Start of session at: Fri Mar 13 23:28:43 2020
# Process ID: 7964
# Current directory: D:/Windows/Downloads/lab7
# Command line: vivado.exe -gui_launcher_event rodinguilauncherevent8636 D:\Windows\Downloads\lab7\lab7.xpr
# Log file: D:/Windows/Downloads/lab7/vivado.log
# Journal file: D:/Windows/Downloads/lab7\vivado.jou
#-----------------------------------------------------------
start_gui
open_project D:/Windows/Downloads/lab7/lab7.xpr
Scanning sources...
Finished scanning sources
INFO: [IP_Flow 19-234] Refreshing IP repositories
INFO: [IP_Flow 19-1704] No user IP repositories specified
INFO: [IP_Flow 19-2313] Loaded Vivado IP repository 'D:/Programs/Xilinix/Vivado/2019.1/data/ip'.
open_project: Time (s): cpu = 00:00:14 ; elapsed = 00:00:17 . Memory (MB): peak = 663.426 ; gain = 85.035
update_compile_order -fileset sources_1
exit
INFO: [Common 17-206] Exiting Vivado at Fri Mar 13 23:50:15 2020...
