
*** Running vivado
    with args -log lab3_top.vds -m64 -product Vivado -mode batch -messageDb vivado.pb -notrace -source lab3_top.tcl


****** Vivado v2019.1 (64-bit)
  **** SW Build 2552052 on Fri May 24 14:49:42 MDT 2019
  **** IP Build 2548770 on Fri May 24 18:01:18 MDT 2019
    ** Copyright 1986-2019 Xilinx, Inc. All Rights Reserved.

source lab3_top.tcl -notrace
create_project: Time (s): cpu = 00:00:04 ; elapsed = 00:00:07 . Memory (MB): peak = 376.547 ; gain = 80.918
Command: synth_design -top lab3_top -part xc7a35tcpg236-1
Starting synth_design
Attempting to get a license for feature 'Synthesis' and/or device 'xc7a35t'
INFO: [Common 17-349] Got license for feature 'Synthesis' and/or device 'xc7a35t'
INFO: [Device 21-403] Loading part xc7a35tcpg236-1
INFO: Launching helper process for spawning children vivado processes
INFO: Helper process launched with PID 7804 
---------------------------------------------------------------------------------
Starting RTL Elaboration : Time (s): cpu = 00:00:06 ; elapsed = 00:00:07 . Memory (MB): peak = 812.660 ; gain = 177.680
---------------------------------------------------------------------------------
INFO: [Synth 8-6157] synthesizing module 'lab3_top' [C:/Users/jsickafo/Desktop/lab3/lab3.srcs/sources_1/new/lab3_top.v:23]
INFO: [Synth 8-6157] synthesizing module 'lab3_digsel' [C:/Users/jsickafo/Desktop/lab3/lab3.srcs/sources_1/imports/lab3/lab3.srcs/lab3_digsel.v:232]
INFO: [Synth 8-6157] synthesizing module 'clk_wiz_0' [C:/Users/jsickafo/Desktop/lab3/lab3.srcs/sources_1/imports/lab3/lab3.srcs/lab3_digsel.v:24]
INFO: [Synth 8-6157] synthesizing module 'IBUF' [C:/Xilinx/Vivado/2019.1/scripts/rt/data/unisim_comp.v:32856]
	Parameter CAPACITANCE bound to: DONT_CARE - type: string 
	Parameter IBUF_DELAY_VALUE bound to: 0 - type: string 
	Parameter IBUF_LOW_PWR bound to: TRUE - type: string 
	Parameter IFD_DELAY_VALUE bound to: AUTO - type: string 
	Parameter IOSTANDARD bound to: DEFAULT - type: string 
INFO: [Synth 8-6155] done synthesizing module 'IBUF' (1#1) [C:/Xilinx/Vivado/2019.1/scripts/rt/data/unisim_comp.v:32856]
INFO: [Synth 8-6157] synthesizing module 'MMCME2_ADV' [C:/Xilinx/Vivado/2019.1/scripts/rt/data/unisim_comp.v:39813]
	Parameter BANDWIDTH bound to: OPTIMIZED - type: string 
	Parameter CLKFBOUT_MULT_F bound to: 9.125000 - type: float 
	Parameter CLKFBOUT_PHASE bound to: 0.000000 - type: float 
	Parameter CLKFBOUT_USE_FINE_PS bound to: FALSE - type: string 
	Parameter CLKIN1_PERIOD bound to: 10.000000 - type: float 
	Parameter CLKIN2_PERIOD bound to: 0.000000 - type: float 
	Parameter CLKOUT0_DIVIDE_F bound to: 36.500000 - type: float 
	Parameter CLKOUT0_DUTY_CYCLE bound to: 0.500000 - type: float 
	Parameter CLKOUT0_PHASE bound to: 0.000000 - type: float 
	Parameter CLKOUT0_USE_FINE_PS bound to: FALSE - type: string 
	Parameter CLKOUT1_DIVIDE bound to: 1 - type: integer 
	Parameter CLKOUT1_DUTY_CYCLE bound to: 0.500000 - type: float 
	Parameter CLKOUT1_PHASE bound to: 0.000000 - type: float 
	Parameter CLKOUT1_USE_FINE_PS bound to: FALSE - type: string 
	Parameter CLKOUT2_DIVIDE bound to: 1 - type: integer 
	Parameter CLKOUT2_DUTY_CYCLE bound to: 0.500000 - type: float 
	Parameter CLKOUT2_PHASE bound to: 0.000000 - type: float 
	Parameter CLKOUT2_USE_FINE_PS bound to: FALSE - type: string 
	Parameter CLKOUT3_DIVIDE bound to: 1 - type: integer 
	Parameter CLKOUT3_DUTY_CYCLE bound to: 0.500000 - type: float 
	Parameter CLKOUT3_PHASE bound to: 0.000000 - type: float 
	Parameter CLKOUT3_USE_FINE_PS bound to: FALSE - type: string 
	Parameter CLKOUT4_CASCADE bound to: FALSE - type: string 
	Parameter CLKOUT4_DIVIDE bound to: 1 - type: integer 
	Parameter CLKOUT4_DUTY_CYCLE bound to: 0.500000 - type: float 
	Parameter CLKOUT4_PHASE bound to: 0.000000 - type: float 
	Parameter CLKOUT4_USE_FINE_PS bound to: FALSE - type: string 
	Parameter CLKOUT5_DIVIDE bound to: 1 - type: integer 
	Parameter CLKOUT5_DUTY_CYCLE bound to: 0.500000 - type: float 
	Parameter CLKOUT5_PHASE bound to: 0.000000 - type: float 
	Parameter CLKOUT5_USE_FINE_PS bound to: FALSE - type: string 
	Parameter CLKOUT6_DIVIDE bound to: 1 - type: integer 
	Parameter CLKOUT6_DUTY_CYCLE bound to: 0.500000 - type: float 
	Parameter CLKOUT6_PHASE bound to: 0.000000 - type: float 
	Parameter CLKOUT6_USE_FINE_PS bound to: FALSE - type: string 
	Parameter COMPENSATION bound to: ZHOLD - type: string 
	Parameter DIVCLK_DIVIDE bound to: 1 - type: integer 
	Parameter IS_CLKINSEL_INVERTED bound to: 1'b0 
	Parameter IS_PSEN_INVERTED bound to: 1'b0 
	Parameter IS_PSINCDEC_INVERTED bound to: 1'b0 
	Parameter IS_PWRDWN_INVERTED bound to: 1'b0 
	Parameter IS_RST_INVERTED bound to: 1'b0 
	Parameter REF_JITTER1 bound to: 0.010000 - type: float 
	Parameter REF_JITTER2 bound to: 0.010000 - type: float 
	Parameter SS_EN bound to: FALSE - type: string 
	Parameter SS_MODE bound to: CENTER_HIGH - type: string 
	Parameter SS_MOD_PERIOD bound to: 10000 - type: integer 
	Parameter STARTUP_WAIT bound to: FALSE - type: string 
INFO: [Synth 8-6155] done synthesizing module 'MMCME2_ADV' (2#1) [C:/Xilinx/Vivado/2019.1/scripts/rt/data/unisim_comp.v:39813]
INFO: [Synth 8-6157] synthesizing module 'BUFG' [C:/Xilinx/Vivado/2019.1/scripts/rt/data/unisim_comp.v:1075]
INFO: [Synth 8-6155] done synthesizing module 'BUFG' (3#1) [C:/Xilinx/Vivado/2019.1/scripts/rt/data/unisim_comp.v:1075]
INFO: [Synth 8-6155] done synthesizing module 'clk_wiz_0' (4#1) [C:/Users/jsickafo/Desktop/lab3/lab3.srcs/sources_1/imports/lab3/lab3.srcs/lab3_digsel.v:24]
INFO: [Synth 8-6157] synthesizing module 'clkcntrl4' [C:/Users/jsickafo/Desktop/lab3/lab3.srcs/sources_1/imports/lab3/lab3.srcs/lab3_digsel.v:157]
INFO: [Synth 8-6157] synthesizing module 'GND' [C:/Xilinx/Vivado/2019.1/scripts/rt/data/unisim_comp.v:14643]
INFO: [Synth 8-6155] done synthesizing module 'GND' (5#1) [C:/Xilinx/Vivado/2019.1/scripts/rt/data/unisim_comp.v:14643]
INFO: [Synth 8-6157] synthesizing module 'CB4CE_MXILINX_clkcntrl4' [C:/Users/jsickafo/Desktop/lab3/lab3.srcs/sources_1/imports/lab3/lab3.srcs/lab3_digsel.v:294]
INFO: [Synth 8-6157] synthesizing module 'FTCE_MXILINX_clkcntrl4' [C:/Users/jsickafo/Desktop/lab3/lab3.srcs/sources_1/imports/lab3/lab3.srcs/lab3_digsel.v:264]
	Parameter INIT bound to: 1'b0 
INFO: [Synth 8-6157] synthesizing module 'XOR2' [C:/Xilinx/Vivado/2019.1/scripts/rt/data/unisim_comp.v:81988]
INFO: [Synth 8-6155] done synthesizing module 'XOR2' (6#1) [C:/Xilinx/Vivado/2019.1/scripts/rt/data/unisim_comp.v:81988]
INFO: [Synth 8-6157] synthesizing module 'FDCE' [C:/Xilinx/Vivado/2019.1/scripts/rt/data/unisim_comp.v:13448]
	Parameter INIT bound to: 1'b0 
	Parameter IS_CLR_INVERTED bound to: 1'b0 
	Parameter IS_C_INVERTED bound to: 1'b0 
	Parameter IS_D_INVERTED bound to: 1'b0 
INFO: [Synth 8-6155] done synthesizing module 'FDCE' (7#1) [C:/Xilinx/Vivado/2019.1/scripts/rt/data/unisim_comp.v:13448]
INFO: [Synth 8-6155] done synthesizing module 'FTCE_MXILINX_clkcntrl4' (8#1) [C:/Users/jsickafo/Desktop/lab3/lab3.srcs/sources_1/imports/lab3/lab3.srcs/lab3_digsel.v:264]
INFO: [Synth 8-6157] synthesizing module 'AND4' [C:/Xilinx/Vivado/2019.1/scripts/rt/data/unisim_comp.v:562]
INFO: [Synth 8-6155] done synthesizing module 'AND4' (9#1) [C:/Xilinx/Vivado/2019.1/scripts/rt/data/unisim_comp.v:562]
INFO: [Synth 8-6157] synthesizing module 'AND3' [C:/Xilinx/Vivado/2019.1/scripts/rt/data/unisim_comp.v:514]
INFO: [Synth 8-6155] done synthesizing module 'AND3' (10#1) [C:/Xilinx/Vivado/2019.1/scripts/rt/data/unisim_comp.v:514]
INFO: [Synth 8-6157] synthesizing module 'AND2' [C:/Xilinx/Vivado/2019.1/scripts/rt/data/unisim_comp.v:466]
INFO: [Synth 8-6155] done synthesizing module 'AND2' (11#1) [C:/Xilinx/Vivado/2019.1/scripts/rt/data/unisim_comp.v:466]
INFO: [Synth 8-6157] synthesizing module 'VCC' [C:/Xilinx/Vivado/2019.1/scripts/rt/data/unisim_comp.v:81391]
INFO: [Synth 8-6155] done synthesizing module 'VCC' (12#1) [C:/Xilinx/Vivado/2019.1/scripts/rt/data/unisim_comp.v:81391]
INFO: [Synth 8-6155] done synthesizing module 'CB4CE_MXILINX_clkcntrl4' (13#1) [C:/Users/jsickafo/Desktop/lab3/lab3.srcs/sources_1/imports/lab3/lab3.srcs/lab3_digsel.v:294]
INFO: [Synth 8-6157] synthesizing module 'BUF' [C:/Xilinx/Vivado/2019.1/scripts/rt/data/unisim_comp.v:1021]
INFO: [Synth 8-6155] done synthesizing module 'BUF' (14#1) [C:/Xilinx/Vivado/2019.1/scripts/rt/data/unisim_comp.v:1021]
INFO: [Synth 8-6155] done synthesizing module 'clkcntrl4' (15#1) [C:/Users/jsickafo/Desktop/lab3/lab3.srcs/sources_1/imports/lab3/lab3.srcs/lab3_digsel.v:157]
WARNING: [Synth 8-4446] all outputs are unconnected for this instance and logic may be removed [C:/Users/jsickafo/Desktop/lab3/lab3.srcs/sources_1/imports/lab3/lab3.srcs/lab3_digsel.v:245]
INFO: [Synth 8-6157] synthesizing module 'STARTUPE2' [C:/Xilinx/Vivado/2019.1/scripts/rt/data/unisim_comp.v:77870]
	Parameter PROG_USR bound to: FALSE - type: string 
	Parameter SIM_CCLK_FREQ bound to: 0.000000 - type: float 
INFO: [Synth 8-6155] done synthesizing module 'STARTUPE2' (16#1) [C:/Xilinx/Vivado/2019.1/scripts/rt/data/unisim_comp.v:77870]
INFO: [Synth 8-6155] done synthesizing module 'lab3_digsel' (17#1) [C:/Users/jsickafo/Desktop/lab3/lab3.srcs/sources_1/imports/lab3/lab3.srcs/lab3_digsel.v:232]
INFO: [Synth 8-6157] synthesizing module 'incrementer' [C:/Users/jsickafo/Desktop/lab3/lab3.srcs/sources_1/new/incrementer.v:23]
INFO: [Synth 8-6157] synthesizing module 'fullAdder' [C:/Users/jsickafo/Desktop/lab3/lab3.srcs/sources_1/new/fullAdder.v:23]
INFO: [Synth 8-6157] synthesizing module 'm4_1' [C:/Users/jsickafo/Desktop/lab3/lab3.srcs/sources_1/new/m4_1.v:23]
INFO: [Synth 8-6155] done synthesizing module 'm4_1' (18#1) [C:/Users/jsickafo/Desktop/lab3/lab3.srcs/sources_1/new/m4_1.v:23]
INFO: [Synth 8-6155] done synthesizing module 'fullAdder' (19#1) [C:/Users/jsickafo/Desktop/lab3/lab3.srcs/sources_1/new/fullAdder.v:23]
INFO: [Synth 8-6155] done synthesizing module 'incrementer' (20#1) [C:/Users/jsickafo/Desktop/lab3/lab3.srcs/sources_1/new/incrementer.v:23]
INFO: [Synth 8-6157] synthesizing module 'hex7seg' [C:/Users/jsickafo/Desktop/lab3/lab3.srcs/sources_1/new/hex7seg.v:23]
INFO: [Synth 8-6157] synthesizing module 'm8_1' [C:/Users/jsickafo/Desktop/lab3/lab3.srcs/sources_1/new/m8_1.v:23]
INFO: [Synth 8-6155] done synthesizing module 'm8_1' (21#1) [C:/Users/jsickafo/Desktop/lab3/lab3.srcs/sources_1/new/m8_1.v:23]
INFO: [Synth 8-6155] done synthesizing module 'hex7seg' (22#1) [C:/Users/jsickafo/Desktop/lab3/lab3.srcs/sources_1/new/hex7seg.v:23]
INFO: [Synth 8-6157] synthesizing module 'm2_1x8' [C:/Users/jsickafo/Desktop/lab3/lab3.srcs/sources_1/new/m2_1x8.v:23]
INFO: [Synth 8-6155] done synthesizing module 'm2_1x8' (23#1) [C:/Users/jsickafo/Desktop/lab3/lab3.srcs/sources_1/new/m2_1x8.v:23]
INFO: [Synth 8-6155] done synthesizing module 'lab3_top' (24#1) [C:/Users/jsickafo/Desktop/lab3/lab3.srcs/sources_1/new/lab3_top.v:23]
WARNING: [Synth 8-3917] design lab3_top has port dp driven by constant 1
WARNING: [Synth 8-3917] design lab3_top has port an[3] driven by constant 1
WARNING: [Synth 8-3917] design lab3_top has port an[2] driven by constant 1
---------------------------------------------------------------------------------
Finished RTL Elaboration : Time (s): cpu = 00:00:07 ; elapsed = 00:00:09 . Memory (MB): peak = 876.336 ; gain = 241.355
---------------------------------------------------------------------------------

Report Check Netlist: 
+------+------------------+-------+---------+-------+------------------+
|      |Item              |Errors |Warnings |Status |Description       |
+------+------------------+-------+---------+-------+------------------+
|1     |multi_driven_nets |      0|        0|Passed |Multi driven nets |
+------+------------------+-------+---------+-------+------------------+
---------------------------------------------------------------------------------
Start Handling Custom Attributes
---------------------------------------------------------------------------------
---------------------------------------------------------------------------------
Finished Handling Custom Attributes : Time (s): cpu = 00:00:08 ; elapsed = 00:00:09 . Memory (MB): peak = 876.336 ; gain = 241.355
---------------------------------------------------------------------------------
---------------------------------------------------------------------------------
Finished RTL Optimization Phase 1 : Time (s): cpu = 00:00:08 ; elapsed = 00:00:09 . Memory (MB): peak = 876.336 ; gain = 241.355
---------------------------------------------------------------------------------
INFO: [Netlist 29-17] Analyzing 36 Unisim elements for replacement
INFO: [Netlist 29-28] Unisim Transformation completed in 0 CPU seconds
INFO: [Project 1-570] Preparing netlist for logic optimization

Processing XDC Constraints
Initializing timing engine
Parsing XDC File [C:/Users/jsickafo/Desktop/lab3/lab3.srcs/constrs_1/imports/lab3/Basys3_Master.xdc]
Finished Parsing XDC File [C:/Users/jsickafo/Desktop/lab3/lab3.srcs/constrs_1/imports/lab3/Basys3_Master.xdc]
INFO: [Project 1-236] Implementation specific constraints were found while reading constraint file [C:/Users/jsickafo/Desktop/lab3/lab3.srcs/constrs_1/imports/lab3/Basys3_Master.xdc]. These constraints will be ignored for synthesis but will be used in implementation. Impacted constraints are listed in the file [.Xil/lab3_top_propImpl.xdc].
Resolution: To avoid this warning, move constraints listed in [.Xil/lab3_top_propImpl.xdc] to another XDC file and exclude this new file from synthesis with the used_in_synthesis property (File Properties dialog in GUI) and re-run elaboration/synthesis.
INFO: [Timing 38-2] Deriving generated clocks
Completed Processing XDC Constraints

Netlist sorting complete. Time (s): cpu = 00:00:00 ; elapsed = 00:00:00.001 . Memory (MB): peak = 1007.027 ; gain = 0.000
INFO: [Project 1-111] Unisim Transformation Summary:
  A total of 34 instances were transformed.
  AND2 => LUT2: 8 instances
  AND3 => LUT3: 4 instances
  AND4 => LUT4: 4 instances
  BUF => LUT1: 2 instances
  XOR2 => LUT2: 16 instances

Constraint Validation Runtime : Time (s): cpu = 00:00:00 ; elapsed = 00:00:00.014 . Memory (MB): peak = 1007.027 ; gain = 0.000
---------------------------------------------------------------------------------
Finished Constraint Validation : Time (s): cpu = 00:00:18 ; elapsed = 00:00:20 . Memory (MB): peak = 1007.027 ; gain = 372.047
---------------------------------------------------------------------------------
---------------------------------------------------------------------------------
Start Loading Part and Timing Information
---------------------------------------------------------------------------------
Loading part: xc7a35tcpg236-1
---------------------------------------------------------------------------------
Finished Loading Part and Timing Information : Time (s): cpu = 00:00:18 ; elapsed = 00:00:20 . Memory (MB): peak = 1007.027 ; gain = 372.047
---------------------------------------------------------------------------------
---------------------------------------------------------------------------------
Start Applying 'set_property' XDC Constraints
---------------------------------------------------------------------------------
---------------------------------------------------------------------------------
Finished applying 'set_property' XDC Constraints : Time (s): cpu = 00:00:18 ; elapsed = 00:00:20 . Memory (MB): peak = 1007.027 ; gain = 372.047
---------------------------------------------------------------------------------
---------------------------------------------------------------------------------
Finished RTL Optimization Phase 2 : Time (s): cpu = 00:00:18 ; elapsed = 00:00:21 . Memory (MB): peak = 1007.027 ; gain = 372.047
---------------------------------------------------------------------------------

Report RTL Partitions: 
+-+--------------+------------+----------+
| |RTL Partition |Replication |Instances |
+-+--------------+------------+----------+
+-+--------------+------------+----------+
---------------------------------------------------------------------------------
Start RTL Component Statistics 
---------------------------------------------------------------------------------
Detailed RTL Component Info : 
+---Muxes : 
	   2 Input      8 Bit        Muxes := 1     
---------------------------------------------------------------------------------
Finished RTL Component Statistics 
---------------------------------------------------------------------------------
---------------------------------------------------------------------------------
Start RTL Hierarchical Component Statistics 
---------------------------------------------------------------------------------
Hierarchical RTL Component report 
Module m2_1x8 
Detailed RTL Component Info : 
+---Muxes : 
	   2 Input      8 Bit        Muxes := 1     
---------------------------------------------------------------------------------
Finished RTL Hierarchical Component Statistics
---------------------------------------------------------------------------------
---------------------------------------------------------------------------------
Start Part Resource Summary
---------------------------------------------------------------------------------
Part Resources:
DSPs: 90 (col length:60)
BRAMs: 100 (col length: RAMB18 60 RAMB36 30)
---------------------------------------------------------------------------------
Finished Part Resource Summary
---------------------------------------------------------------------------------
---------------------------------------------------------------------------------
Start Cross Boundary and Area Optimization
---------------------------------------------------------------------------------
Warning: Parallel synthesis criteria is not met 
WARNING: [Synth 8-3917] design lab3_top has port dp driven by constant 1
WARNING: [Synth 8-3917] design lab3_top has port an[3] driven by constant 1
WARNING: [Synth 8-3917] design lab3_top has port an[2] driven by constant 1
WARNING: [Synth 8-3332] Sequential element (digsel/slowit/XLXI_40/I_Q1/I_36_35) is unused and will be removed from module lab3_top.
WARNING: [Synth 8-3332] Sequential element (digsel/slowit/XLXI_40/I_Q2/I_36_35) is unused and will be removed from module lab3_top.
WARNING: [Synth 8-3332] Sequential element (digsel/slowit/XLXI_40/I_Q3/I_36_35) is unused and will be removed from module lab3_top.
---------------------------------------------------------------------------------
Finished Cross Boundary and Area Optimization : Time (s): cpu = 00:00:20 ; elapsed = 00:00:23 . Memory (MB): peak = 1007.027 ; gain = 372.047
---------------------------------------------------------------------------------

Report RTL Partitions: 
+-+--------------+------------+----------+
| |RTL Partition |Replication |Instances |
+-+--------------+------------+----------+
+-+--------------+------------+----------+
---------------------------------------------------------------------------------
Start Applying XDC Timing Constraints
---------------------------------------------------------------------------------
---------------------------------------------------------------------------------
Finished Applying XDC Timing Constraints : Time (s): cpu = 00:00:33 ; elapsed = 00:00:36 . Memory (MB): peak = 1007.027 ; gain = 372.047
---------------------------------------------------------------------------------
---------------------------------------------------------------------------------
Start Timing Optimization
---------------------------------------------------------------------------------
---------------------------------------------------------------------------------
Finished Timing Optimization : Time (s): cpu = 00:00:33 ; elapsed = 00:00:36 . Memory (MB): peak = 1007.027 ; gain = 372.047
---------------------------------------------------------------------------------

Report RTL Partitions: 
+-+--------------+------------+----------+
| |RTL Partition |Replication |Instances |
+-+--------------+------------+----------+
+-+--------------+------------+----------+
---------------------------------------------------------------------------------
Start Technology Mapping
---------------------------------------------------------------------------------
---------------------------------------------------------------------------------
Finished Technology Mapping : Time (s): cpu = 00:00:33 ; elapsed = 00:00:36 . Memory (MB): peak = 1007.027 ; gain = 372.047
---------------------------------------------------------------------------------

Report RTL Partitions: 
+-+--------------+------------+----------+
| |RTL Partition |Replication |Instances |
+-+--------------+------------+----------+
+-+--------------+------------+----------+
---------------------------------------------------------------------------------
Start IO Insertion
---------------------------------------------------------------------------------
---------------------------------------------------------------------------------
Start Flattening Before IO Insertion
---------------------------------------------------------------------------------
---------------------------------------------------------------------------------
Finished Flattening Before IO Insertion
---------------------------------------------------------------------------------
---------------------------------------------------------------------------------
Start Final Netlist Cleanup
---------------------------------------------------------------------------------
---------------------------------------------------------------------------------
Finished Final Netlist Cleanup
---------------------------------------------------------------------------------
---------------------------------------------------------------------------------
Finished IO Insertion : Time (s): cpu = 00:00:36 ; elapsed = 00:00:39 . Memory (MB): peak = 1007.027 ; gain = 372.047
---------------------------------------------------------------------------------

Report Check Netlist: 
+------+------------------+-------+---------+-------+------------------+
|      |Item              |Errors |Warnings |Status |Description       |
+------+------------------+-------+---------+-------+------------------+
|1     |multi_driven_nets |      0|        0|Passed |Multi driven nets |
+------+------------------+-------+---------+-------+------------------+
---------------------------------------------------------------------------------
Start Renaming Generated Instances
---------------------------------------------------------------------------------
---------------------------------------------------------------------------------
Finished Renaming Generated Instances : Time (s): cpu = 00:00:36 ; elapsed = 00:00:39 . Memory (MB): peak = 1007.027 ; gain = 372.047
---------------------------------------------------------------------------------

Report RTL Partitions: 
+-+--------------+------------+----------+
| |RTL Partition |Replication |Instances |
+-+--------------+------------+----------+
+-+--------------+------------+----------+
---------------------------------------------------------------------------------
Start Rebuilding User Hierarchy
---------------------------------------------------------------------------------
---------------------------------------------------------------------------------
Finished Rebuilding User Hierarchy : Time (s): cpu = 00:00:36 ; elapsed = 00:00:39 . Memory (MB): peak = 1007.027 ; gain = 372.047
---------------------------------------------------------------------------------
---------------------------------------------------------------------------------
Start Renaming Generated Ports
---------------------------------------------------------------------------------
---------------------------------------------------------------------------------
Finished Renaming Generated Ports : Time (s): cpu = 00:00:36 ; elapsed = 00:00:39 . Memory (MB): peak = 1007.027 ; gain = 372.047
---------------------------------------------------------------------------------
---------------------------------------------------------------------------------
Start Handling Custom Attributes
---------------------------------------------------------------------------------
---------------------------------------------------------------------------------
Finished Handling Custom Attributes : Time (s): cpu = 00:00:36 ; elapsed = 00:00:39 . Memory (MB): peak = 1007.027 ; gain = 372.047
---------------------------------------------------------------------------------
---------------------------------------------------------------------------------
Start Renaming Generated Nets
---------------------------------------------------------------------------------
---------------------------------------------------------------------------------
Finished Renaming Generated Nets : Time (s): cpu = 00:00:36 ; elapsed = 00:00:39 . Memory (MB): peak = 1007.027 ; gain = 372.047
---------------------------------------------------------------------------------
---------------------------------------------------------------------------------
Start Writing Synthesis Report
---------------------------------------------------------------------------------

Report BlackBoxes: 
+-+--------------+----------+
| |BlackBox name |Instances |
+-+--------------+----------+
+-+--------------+----------+

Report Cell Usage: 
+------+-----------+------+
|      |Cell       |Count |
+------+-----------+------+
|1     |AND2       |     6|
|2     |AND3       |     3|
|3     |AND4       |     3|
|4     |BUF        |     2|
|5     |BUFG       |     2|
|6     |LUT1       |     1|
|7     |LUT5       |     7|
|8     |LUT6       |     8|
|9     |MMCME2_ADV |     1|
|10    |MUXF7      |     7|
|11    |STARTUPE2  |     1|
|12    |XOR2       |    13|
|13    |FDCE       |    13|
|14    |IBUF       |    12|
|15    |OBUF       |    12|
+------+-----------+------+

Report Instance Areas: 
+------+----------------+--------------------------+------+
|      |Instance        |Module                    |Cells |
+------+----------------+--------------------------+------+
|1     |top             |                          |    91|
|2     |  digsel        |lab3_digsel               |    53|
|3     |    my_clk_inst |clk_wiz_0                 |     4|
|4     |    slowit      |clkcntrl4                 |    48|
|5     |      XLXI_37   |CB4CE_MXILINX_clkcntrl4   |    12|
|6     |        I_Q0    |FTCE_MXILINX_clkcntrl4_11 |     2|
|7     |        I_Q1    |FTCE_MXILINX_clkcntrl4_12 |     2|
|8     |        I_Q2    |FTCE_MXILINX_clkcntrl4_13 |     2|
|9     |        I_Q3    |FTCE_MXILINX_clkcntrl4_14 |     2|
|10    |      XLXI_38   |CB4CE_MXILINX_clkcntrl4_0 |    12|
|11    |        I_Q0    |FTCE_MXILINX_clkcntrl4_7  |     2|
|12    |        I_Q1    |FTCE_MXILINX_clkcntrl4_8  |     2|
|13    |        I_Q2    |FTCE_MXILINX_clkcntrl4_9  |     2|
|14    |        I_Q3    |FTCE_MXILINX_clkcntrl4_10 |     2|
|15    |      XLXI_39   |CB4CE_MXILINX_clkcntrl4_1 |    12|
|16    |        I_Q0    |FTCE_MXILINX_clkcntrl4_3  |     2|
|17    |        I_Q1    |FTCE_MXILINX_clkcntrl4_4  |     2|
|18    |        I_Q2    |FTCE_MXILINX_clkcntrl4_5  |     2|
|19    |        I_Q3    |FTCE_MXILINX_clkcntrl4_6  |     2|
|20    |      XLXI_40   |CB4CE_MXILINX_clkcntrl4_2 |     2|
|21    |        I_Q0    |FTCE_MXILINX_clkcntrl4    |     2|
+------+----------------+--------------------------+------+
---------------------------------------------------------------------------------
Finished Writing Synthesis Report : Time (s): cpu = 00:00:36 ; elapsed = 00:00:39 . Memory (MB): peak = 1007.027 ; gain = 372.047
---------------------------------------------------------------------------------
Synthesis finished with 0 errors, 0 critical warnings and 6 warnings.
Synthesis Optimization Runtime : Time (s): cpu = 00:00:24 ; elapsed = 00:00:35 . Memory (MB): peak = 1007.027 ; gain = 241.355
Synthesis Optimization Complete : Time (s): cpu = 00:00:36 ; elapsed = 00:00:39 . Memory (MB): peak = 1007.027 ; gain = 372.047
INFO: [Project 1-571] Translating synthesized netlist
INFO: [Netlist 29-17] Analyzing 36 Unisim elements for replacement
INFO: [Netlist 29-28] Unisim Transformation completed in 0 CPU seconds
INFO: [Project 1-570] Preparing netlist for logic optimization
INFO: [Opt 31-138] Pushed 0 inverter(s) to 0 load pin(s).
Netlist sorting complete. Time (s): cpu = 00:00:00 ; elapsed = 00:00:00.001 . Memory (MB): peak = 1012.375 ; gain = 0.000
INFO: [Project 1-111] Unisim Transformation Summary:
  A total of 27 instances were transformed.
  AND2 => LUT2: 6 instances
  AND3 => LUT3: 3 instances
  AND4 => LUT4: 3 instances
  BUF => LUT1: 2 instances
  XOR2 => LUT2: 13 instances

INFO: [Common 17-83] Releasing license: Synthesis
63 Infos, 10 Warnings, 0 Critical Warnings and 0 Errors encountered.
synth_design completed successfully
synth_design: Time (s): cpu = 00:00:44 ; elapsed = 00:00:50 . Memory (MB): peak = 1012.375 ; gain = 635.828
Netlist sorting complete. Time (s): cpu = 00:00:00 ; elapsed = 00:00:00 . Memory (MB): peak = 1012.375 ; gain = 0.000
WARNING: [Constraints 18-5210] No constraints selected for write.
Resolution: This message can indicate that there are no constraints for the design, or it can indicate that the used_in flags are set such that the constraints are ignored. This later case is used when running synth_design to not write synthesis constraints to the resulting checkpoint. Instead, project constraints are read when the synthesized design is opened.
INFO: [Common 17-1381] The checkpoint 'C:/Users/jsickafo/Desktop/lab3/lab3.runs/synth_1/lab3_top.dcp' has been generated.
INFO: [runtcl-4] Executing : report_utilization -file lab3_top_utilization_synth.rpt -pb lab3_top_utilization_synth.pb
INFO: [Common 17-206] Exiting Vivado at Fri Jan 24 13:07:10 2020...
