#-----------------------------------------------------------
# Vivado v2019.1 (64-bit)
# SW Build 2552052 on Fri May 24 14:49:42 MDT 2019
# IP Build 2548770 on Fri May 24 18:01:18 MDT 2019
# Start of session at: Thu Feb  6 11:50:46 2020
# Process ID: 3592
# Current directory: C:/Users/jsickafo/Desktop/lab4
# Command line: vivado.exe -gui_launcher_event rodinguilauncherevent2948 C:\Users\jsickafo\Desktop\lab4\lab4.xpr
# Log file: C:/Users/jsickafo/Desktop/lab4/vivado.log
# Journal file: C:/Users/jsickafo/Desktop/lab4\vivado.jou
#-----------------------------------------------------------
start_gui
open_project C:/Users/jsickafo/Desktop/lab4/lab4.xpr
INFO: [Project 1-313] Project file moved from 'D:/Windows/Downloads/lab4/.Xil/Vivado-3148-DESKTOP-NOA060L/PrjAr/_X_' since last save.
Scanning sources...
Finished scanning sources
INFO: [IP_Flow 19-234] Refreshing IP repositories
INFO: [IP_Flow 19-1704] No user IP repositories specified
INFO: [IP_Flow 19-2313] Loaded Vivado IP repository 'C:/Xilinx/Vivado/2019.1/data/ip'.
open_project: Time (s): cpu = 00:00:16 ; elapsed = 00:00:13 . Memory (MB): peak = 797.676 ; gain = 209.309
update_compile_order -fileset sources_1
export_ip_user_files -of_objects  [get_files C:/Users/jsickafo/Desktop/lab4/lab4.srcs/sources_1/new/lab4_digsel.v] -no_script -reset -force -quiet
remove_files  C:/Users/jsickafo/Desktop/lab4/lab4.srcs/sources_1/new/lab4_digsel.v
file delete -force C:/Users/jsickafo/Desktop/lab4/lab4.srcs/sources_1/new/lab4_digsel.v
import_files -norecurse C:/Users/jsickafo/Desktop/lab4/lab4.srcs/lab4_clks.v
update_compile_order -fileset sources_1
update_compile_order -fileset sources_1
launch_simulation
INFO: [Vivado 12-5682] Launching behavioral simulation in 'C:/Users/jsickafo/Desktop/lab4/lab4.sim/sim_1/behav/xsim'
INFO: [SIM-utils-51] Simulation object is 'sim_1'
INFO: [SIM-utils-54] Inspecting design source files for 'counter16_test' in fileset 'sim_1'...
INFO: [USF-XSim-97] Finding global include files...
INFO: [USF-XSim-98] Fetching design files from 'sim_1'...
INFO: [USF-XSim-2] XSim::Compile design
INFO: [USF-XSim-61] Executing 'COMPILE and ANALYZE' step in 'C:/Users/jsickafo/Desktop/lab4/lab4.sim/sim_1/behav/xsim'
"xvlog --incr --relax -prj counter16_test_vlog.prj"
INFO: [VRFC 10-2263] Analyzing Verilog file "C:/Users/jsickafo/Desktop/lab4/lab4.srcs/sources_1/new/countUD4L.v" into library xil_defaultlib
INFO: [VRFC 10-311] analyzing module countUD4L
INFO: [VRFC 10-2263] Analyzing Verilog file "C:/Users/jsickafo/Desktop/lab4/lab4.srcs/sources_1/new/counterUD16L.v" into library xil_defaultlib
INFO: [VRFC 10-311] analyzing module counterUD16L
INFO: [VRFC 10-2263] Analyzing Verilog file "C:/Users/jsickafo/Desktop/lab4/lab4.srcs/sim_1/new/counter16_test.v" into library xil_defaultlib
INFO: [VRFC 10-311] analyzing module counter16_test
INFO: [VRFC 10-2263] Analyzing Verilog file "C:/Users/jsickafo/Desktop/lab4/lab4.sim/sim_1/behav/xsim/glbl.v" into library xil_defaultlib
INFO: [VRFC 10-311] analyzing module glbl
INFO: [USF-XSim-69] 'compile' step finished in '2' seconds
INFO: [USF-XSim-3] XSim::Elaborate design
INFO: [USF-XSim-61] Executing 'ELABORATE' step in 'C:/Users/jsickafo/Desktop/lab4/lab4.sim/sim_1/behav/xsim'
"xelab -wto 1d3f704a3c7e44f0842c9670f8838371 --incr --debug typical --relax --mt 2 -L xil_defaultlib -L unisims_ver -L unimacro_ver -L secureip --snapshot counter16_test_behav xil_defaultlib.counter16_test xil_defaultlib.glbl -log elaborate.log"
Vivado Simulator 2019.1
Copyright 1986-1999, 2001-2019 Xilinx, Inc. All Rights Reserved.
Running: C:/Xilinx/Vivado/2019.1/bin/unwrapped/win64.o/xelab.exe -wto 1d3f704a3c7e44f0842c9670f8838371 --incr --debug typical --relax --mt 2 -L xil_defaultlib -L unisims_ver -L unimacro_ver -L secureip --snapshot counter16_test_behav xil_defaultlib.counter16_test xil_defaultlib.glbl -log elaborate.log 
Using 2 slave threads.
Starting static elaboration
Completed static elaboration
Starting simulation data flow analysis
Completed simulation data flow analysis
Time Resolution for simulation is 1ps
Compiling module unisims_ver.FDRE_default
Compiling module xil_defaultlib.countUD4L
Compiling module xil_defaultlib.counterUD16L
Compiling module xil_defaultlib.counter16_test
Compiling module xil_defaultlib.glbl
Built simulation snapshot counter16_test_behav

****** Webtalk v2019.1 (64-bit)
  **** SW Build 2552052 on Fri May 24 14:49:42 MDT 2019
  **** IP Build 2548770 on Fri May 24 18:01:18 MDT 2019
    ** Copyright 1986-2019 Xilinx, Inc. All Rights Reserved.

source C:/Users/jsickafo/Desktop/lab4/lab4.sim/sim_1/behav/xsim/xsim.dir/counter16_test_behav/webtalk/xsim_webtalk.tcl -notrace
INFO: [Common 17-186] 'C:/Users/jsickafo/Desktop/lab4/lab4.sim/sim_1/behav/xsim/xsim.dir/counter16_test_behav/webtalk/usage_statistics_ext_xsim.xml' has been successfully sent to Xilinx on Thu Feb  6 11:59:20 2020. For additional details about this file, please refer to the WebTalk help file at C:/Xilinx/Vivado/2019.1/doc/webtalk_introduction.html.
INFO: [Common 17-206] Exiting Webtalk at Thu Feb  6 11:59:20 2020...
run_program: Time (s): cpu = 00:00:01 ; elapsed = 00:00:08 . Memory (MB): peak = 823.805 ; gain = 0.000
INFO: [USF-XSim-69] 'elaborate' step finished in '8' seconds
INFO: [USF-XSim-4] XSim::Simulate design
INFO: [USF-XSim-61] Executing 'SIMULATE' step in 'C:/Users/jsickafo/Desktop/lab4/lab4.sim/sim_1/behav/xsim'
INFO: [USF-XSim-98] *** Running xsim
   with args "counter16_test_behav -key {Behavioral:sim_1:Functional:counter16_test} -tclbatch {counter16_test.tcl} -log {simulate.log}"
INFO: [USF-XSim-8] Loading simulator feature
Vivado Simulator 2019.1
Time resolution is 1 ps
source counter16_test.tcl
# set curr_wave [current_wave_config]
# if { [string length $curr_wave] == 0 } {
#   if { [llength [get_objects]] > 0} {
#     add_wave /
#     set_property needs_save false [current_wave_config]
#   } else {
#      send_msg_id Add_Wave-1 WARNING "No top level signals found. Simulator will start without a wave window. If you want to open a wave window go to 'File->New Waveform Configuration' or type 'create_wave_config' in the TCL console."
#   }
# }
# run 1000ns
INFO: [USF-XSim-96] XSim completed. Design snapshot 'counter16_test_behav' loaded.
INFO: [USF-XSim-97] XSim simulation ran for 1000ns
launch_simulation: Time (s): cpu = 00:00:08 ; elapsed = 00:00:16 . Memory (MB): peak = 861.090 ; gain = 37.285
run 8000 ns
relaunch_sim
suspend_sim: Time (s): cpu = 00:00:01 ; elapsed = 00:00:06 . Memory (MB): peak = 914.250 ; gain = 0.000
INFO: [Vivado 12-5682] Launching behavioral simulation in 'C:/Users/jsickafo/Desktop/lab4/lab4.sim/sim_1/behav/xsim'
INFO: [SIM-utils-51] Simulation object is 'sim_1'
INFO: [SIM-utils-54] Inspecting design source files for 'counter16_test' in fileset 'sim_1'...
INFO: [USF-XSim-97] Finding global include files...
INFO: [USF-XSim-98] Fetching design files from 'sim_1'...
INFO: [USF-XSim-2] XSim::Compile design
INFO: [USF-XSim-61] Executing 'COMPILE and ANALYZE' step in 'C:/Users/jsickafo/Desktop/lab4/lab4.sim/sim_1/behav/xsim'
"xvlog --incr --relax -prj counter16_test_vlog.prj"
INFO: [VRFC 10-2263] Analyzing Verilog file "C:/Users/jsickafo/Desktop/lab4/lab4.srcs/sources_1/new/countUD4L.v" into library xil_defaultlib
INFO: [VRFC 10-311] analyzing module countUD4L
INFO: [VRFC 10-2263] Analyzing Verilog file "C:/Users/jsickafo/Desktop/lab4/lab4.srcs/sources_1/new/counterUD16L.v" into library xil_defaultlib
INFO: [VRFC 10-311] analyzing module counterUD16L
INFO: [VRFC 10-2263] Analyzing Verilog file "C:/Users/jsickafo/Desktop/lab4/lab4.srcs/sim_1/new/counter16_test.v" into library xil_defaultlib
INFO: [VRFC 10-311] analyzing module counter16_test
INFO: [USF-XSim-69] 'compile' step finished in '2' seconds
INFO: [Vivado 12-5682] Launching behavioral simulation in 'C:/Users/jsickafo/Desktop/lab4/lab4.sim/sim_1/behav/xsim'
INFO: [USF-XSim-3] XSim::Elaborate design
INFO: [USF-XSim-61] Executing 'ELABORATE' step in 'C:/Users/jsickafo/Desktop/lab4/lab4.sim/sim_1/behav/xsim'
"xelab -wto 1d3f704a3c7e44f0842c9670f8838371 --incr --debug typical --relax --mt 2 -L xil_defaultlib -L unisims_ver -L unimacro_ver -L secureip --snapshot counter16_test_behav xil_defaultlib.counter16_test xil_defaultlib.glbl -log elaborate.log"
Vivado Simulator 2019.1
Copyright 1986-1999, 2001-2019 Xilinx, Inc. All Rights Reserved.
Running: C:/Xilinx/Vivado/2019.1/bin/unwrapped/win64.o/xelab.exe -wto 1d3f704a3c7e44f0842c9670f8838371 --incr --debug typical --relax --mt 2 -L xil_defaultlib -L unisims_ver -L unimacro_ver -L secureip --snapshot counter16_test_behav xil_defaultlib.counter16_test xil_defaultlib.glbl -log elaborate.log 
Using 2 slave threads.
Starting static elaboration
Completed static elaboration
Starting simulation data flow analysis
Completed simulation data flow analysis
Time Resolution for simulation is 1ps
Compiling module unisims_ver.FDRE_default
Compiling module xil_defaultlib.countUD4L
Compiling module xil_defaultlib.counterUD16L
Compiling module xil_defaultlib.counter16_test
Compiling module xil_defaultlib.glbl
Built simulation snapshot counter16_test_behav
INFO: [USF-XSim-69] 'elaborate' step finished in '2' seconds
Vivado Simulator 2019.1
Time resolution is 1 ps
relaunch_sim: Time (s): cpu = 00:00:03 ; elapsed = 00:00:12 . Memory (MB): peak = 914.250 ; gain = 0.000
run 8000 ns
run 8000 ns
relaunch_sim
INFO: [Vivado 12-5682] Launching behavioral simulation in 'C:/Users/jsickafo/Desktop/lab4/lab4.sim/sim_1/behav/xsim'
INFO: [SIM-utils-51] Simulation object is 'sim_1'
INFO: [SIM-utils-54] Inspecting design source files for 'counter16_test' in fileset 'sim_1'...
INFO: [USF-XSim-97] Finding global include files...
INFO: [USF-XSim-98] Fetching design files from 'sim_1'...
INFO: [USF-XSim-2] XSim::Compile design
INFO: [USF-XSim-61] Executing 'COMPILE and ANALYZE' step in 'C:/Users/jsickafo/Desktop/lab4/lab4.sim/sim_1/behav/xsim'
"xvlog --incr --relax -prj counter16_test_vlog.prj"
INFO: [VRFC 10-2263] Analyzing Verilog file "C:/Users/jsickafo/Desktop/lab4/lab4.srcs/sources_1/new/countUD4L.v" into library xil_defaultlib
INFO: [VRFC 10-311] analyzing module countUD4L
INFO: [VRFC 10-2263] Analyzing Verilog file "C:/Users/jsickafo/Desktop/lab4/lab4.srcs/sources_1/new/counterUD16L.v" into library xil_defaultlib
INFO: [VRFC 10-311] analyzing module counterUD16L
INFO: [VRFC 10-2263] Analyzing Verilog file "C:/Users/jsickafo/Desktop/lab4/lab4.srcs/sim_1/new/counter16_test.v" into library xil_defaultlib
INFO: [VRFC 10-311] analyzing module counter16_test
INFO: [USF-XSim-69] 'compile' step finished in '1' seconds
INFO: [Vivado 12-5682] Launching behavioral simulation in 'C:/Users/jsickafo/Desktop/lab4/lab4.sim/sim_1/behav/xsim'
INFO: [USF-XSim-3] XSim::Elaborate design
INFO: [USF-XSim-61] Executing 'ELABORATE' step in 'C:/Users/jsickafo/Desktop/lab4/lab4.sim/sim_1/behav/xsim'
"xelab -wto 1d3f704a3c7e44f0842c9670f8838371 --incr --debug typical --relax --mt 2 -L xil_defaultlib -L unisims_ver -L unimacro_ver -L secureip --snapshot counter16_test_behav xil_defaultlib.counter16_test xil_defaultlib.glbl -log elaborate.log"
Vivado Simulator 2019.1
Copyright 1986-1999, 2001-2019 Xilinx, Inc. All Rights Reserved.
Running: C:/Xilinx/Vivado/2019.1/bin/unwrapped/win64.o/xelab.exe -wto 1d3f704a3c7e44f0842c9670f8838371 --incr --debug typical --relax --mt 2 -L xil_defaultlib -L unisims_ver -L unimacro_ver -L secureip --snapshot counter16_test_behav xil_defaultlib.counter16_test xil_defaultlib.glbl -log elaborate.log 
Using 2 slave threads.
Starting static elaboration
Completed static elaboration
Starting simulation data flow analysis
Completed simulation data flow analysis
Time Resolution for simulation is 1ps
Compiling module unisims_ver.FDRE_default
Compiling module xil_defaultlib.countUD4L
Compiling module xil_defaultlib.counterUD16L
Compiling module xil_defaultlib.counter16_test
Compiling module xil_defaultlib.glbl
Built simulation snapshot counter16_test_behav
INFO: [USF-XSim-69] 'elaborate' step finished in '3' seconds
Vivado Simulator 2019.1
Time resolution is 1 ps
relaunch_sim: Time (s): cpu = 00:00:02 ; elapsed = 00:00:08 . Memory (MB): peak = 914.250 ; gain = 0.000
run 8000 ns
relaunch_sim
INFO: [Vivado 12-5682] Launching behavioral simulation in 'C:/Users/jsickafo/Desktop/lab4/lab4.sim/sim_1/behav/xsim'
INFO: [SIM-utils-51] Simulation object is 'sim_1'
INFO: [SIM-utils-54] Inspecting design source files for 'counter16_test' in fileset 'sim_1'...
INFO: [USF-XSim-97] Finding global include files...
INFO: [USF-XSim-98] Fetching design files from 'sim_1'...
INFO: [USF-XSim-2] XSim::Compile design
INFO: [USF-XSim-61] Executing 'COMPILE and ANALYZE' step in 'C:/Users/jsickafo/Desktop/lab4/lab4.sim/sim_1/behav/xsim'
"xvlog --incr --relax -prj counter16_test_vlog.prj"
INFO: [VRFC 10-2263] Analyzing Verilog file "C:/Users/jsickafo/Desktop/lab4/lab4.srcs/sources_1/new/countUD4L.v" into library xil_defaultlib
INFO: [VRFC 10-311] analyzing module countUD4L
INFO: [VRFC 10-2263] Analyzing Verilog file "C:/Users/jsickafo/Desktop/lab4/lab4.srcs/sources_1/new/counterUD16L.v" into library xil_defaultlib
INFO: [VRFC 10-311] analyzing module counterUD16L
INFO: [VRFC 10-2263] Analyzing Verilog file "C:/Users/jsickafo/Desktop/lab4/lab4.srcs/sim_1/new/counter16_test.v" into library xil_defaultlib
INFO: [VRFC 10-311] analyzing module counter16_test
INFO: [USF-XSim-69] 'compile' step finished in '1' seconds
INFO: [Vivado 12-5682] Launching behavioral simulation in 'C:/Users/jsickafo/Desktop/lab4/lab4.sim/sim_1/behav/xsim'
INFO: [USF-XSim-3] XSim::Elaborate design
INFO: [USF-XSim-61] Executing 'ELABORATE' step in 'C:/Users/jsickafo/Desktop/lab4/lab4.sim/sim_1/behav/xsim'
"xelab -wto 1d3f704a3c7e44f0842c9670f8838371 --incr --debug typical --relax --mt 2 -L xil_defaultlib -L unisims_ver -L unimacro_ver -L secureip --snapshot counter16_test_behav xil_defaultlib.counter16_test xil_defaultlib.glbl -log elaborate.log"
Vivado Simulator 2019.1
Copyright 1986-1999, 2001-2019 Xilinx, Inc. All Rights Reserved.
Running: C:/Xilinx/Vivado/2019.1/bin/unwrapped/win64.o/xelab.exe -wto 1d3f704a3c7e44f0842c9670f8838371 --incr --debug typical --relax --mt 2 -L xil_defaultlib -L unisims_ver -L unimacro_ver -L secureip --snapshot counter16_test_behav xil_defaultlib.counter16_test xil_defaultlib.glbl -log elaborate.log 
Using 2 slave threads.
Starting static elaboration
Completed static elaboration
Starting simulation data flow analysis
Completed simulation data flow analysis
Time Resolution for simulation is 1ps
Compiling module unisims_ver.FDRE_default
Compiling module xil_defaultlib.countUD4L
Compiling module xil_defaultlib.counterUD16L
Compiling module xil_defaultlib.counter16_test
Compiling module xil_defaultlib.glbl
Built simulation snapshot counter16_test_behav
INFO: [USF-XSim-69] 'elaborate' step finished in '3' seconds
Vivado Simulator 2019.1
Time resolution is 1 ps
relaunch_sim: Time (s): cpu = 00:00:01 ; elapsed = 00:00:08 . Memory (MB): peak = 937.000 ; gain = 0.000
run 8000 ns
relaunch_sim
INFO: [Vivado 12-5682] Launching behavioral simulation in 'C:/Users/jsickafo/Desktop/lab4/lab4.sim/sim_1/behav/xsim'
INFO: [SIM-utils-51] Simulation object is 'sim_1'
INFO: [SIM-utils-54] Inspecting design source files for 'counter16_test' in fileset 'sim_1'...
INFO: [USF-XSim-97] Finding global include files...
INFO: [USF-XSim-98] Fetching design files from 'sim_1'...
INFO: [USF-XSim-2] XSim::Compile design
INFO: [USF-XSim-61] Executing 'COMPILE and ANALYZE' step in 'C:/Users/jsickafo/Desktop/lab4/lab4.sim/sim_1/behav/xsim'
"xvlog --incr --relax -prj counter16_test_vlog.prj"
INFO: [VRFC 10-2263] Analyzing Verilog file "C:/Users/jsickafo/Desktop/lab4/lab4.srcs/sources_1/new/countUD4L.v" into library xil_defaultlib
INFO: [VRFC 10-311] analyzing module countUD4L
INFO: [VRFC 10-2263] Analyzing Verilog file "C:/Users/jsickafo/Desktop/lab4/lab4.srcs/sources_1/new/counterUD16L.v" into library xil_defaultlib
INFO: [VRFC 10-311] analyzing module counterUD16L
INFO: [VRFC 10-2263] Analyzing Verilog file "C:/Users/jsickafo/Desktop/lab4/lab4.srcs/sim_1/new/counter16_test.v" into library xil_defaultlib
INFO: [VRFC 10-311] analyzing module counter16_test
INFO: [USF-XSim-69] 'compile' step finished in '2' seconds
INFO: [Vivado 12-5682] Launching behavioral simulation in 'C:/Users/jsickafo/Desktop/lab4/lab4.sim/sim_1/behav/xsim'
INFO: [USF-XSim-3] XSim::Elaborate design
INFO: [USF-XSim-61] Executing 'ELABORATE' step in 'C:/Users/jsickafo/Desktop/lab4/lab4.sim/sim_1/behav/xsim'
"xelab -wto 1d3f704a3c7e44f0842c9670f8838371 --incr --debug typical --relax --mt 2 -L xil_defaultlib -L unisims_ver -L unimacro_ver -L secureip --snapshot counter16_test_behav xil_defaultlib.counter16_test xil_defaultlib.glbl -log elaborate.log"
Vivado Simulator 2019.1
Copyright 1986-1999, 2001-2019 Xilinx, Inc. All Rights Reserved.
Running: C:/Xilinx/Vivado/2019.1/bin/unwrapped/win64.o/xelab.exe -wto 1d3f704a3c7e44f0842c9670f8838371 --incr --debug typical --relax --mt 2 -L xil_defaultlib -L unisims_ver -L unimacro_ver -L secureip --snapshot counter16_test_behav xil_defaultlib.counter16_test xil_defaultlib.glbl -log elaborate.log 
Using 2 slave threads.
Starting static elaboration
Completed static elaboration
Starting simulation data flow analysis
Completed simulation data flow analysis
Time Resolution for simulation is 1ps
Compiling module unisims_ver.FDRE_default
Compiling module xil_defaultlib.countUD4L
Compiling module xil_defaultlib.counterUD16L
Compiling module xil_defaultlib.counter16_test
Compiling module xil_defaultlib.glbl
Built simulation snapshot counter16_test_behav
INFO: [USF-XSim-69] 'elaborate' step finished in '3' seconds
Vivado Simulator 2019.1
Time resolution is 1 ps
relaunch_sim: Time (s): cpu = 00:00:02 ; elapsed = 00:00:08 . Memory (MB): peak = 937.000 ; gain = 0.000
run 8000 ns
relaunch_sim
INFO: [Vivado 12-5682] Launching behavioral simulation in 'C:/Users/jsickafo/Desktop/lab4/lab4.sim/sim_1/behav/xsim'
INFO: [SIM-utils-51] Simulation object is 'sim_1'
INFO: [SIM-utils-54] Inspecting design source files for 'counter16_test' in fileset 'sim_1'...
INFO: [USF-XSim-97] Finding global include files...
INFO: [USF-XSim-98] Fetching design files from 'sim_1'...
INFO: [USF-XSim-2] XSim::Compile design
INFO: [USF-XSim-61] Executing 'COMPILE and ANALYZE' step in 'C:/Users/jsickafo/Desktop/lab4/lab4.sim/sim_1/behav/xsim'
"xvlog --incr --relax -prj counter16_test_vlog.prj"
INFO: [VRFC 10-2263] Analyzing Verilog file "C:/Users/jsickafo/Desktop/lab4/lab4.srcs/sources_1/new/countUD4L.v" into library xil_defaultlib
INFO: [VRFC 10-311] analyzing module countUD4L
INFO: [VRFC 10-2263] Analyzing Verilog file "C:/Users/jsickafo/Desktop/lab4/lab4.srcs/sources_1/new/counterUD16L.v" into library xil_defaultlib
INFO: [VRFC 10-311] analyzing module counterUD16L
INFO: [VRFC 10-2263] Analyzing Verilog file "C:/Users/jsickafo/Desktop/lab4/lab4.srcs/sim_1/new/counter16_test.v" into library xil_defaultlib
INFO: [VRFC 10-311] analyzing module counter16_test
INFO: [USF-XSim-69] 'compile' step finished in '2' seconds
INFO: [Vivado 12-5682] Launching behavioral simulation in 'C:/Users/jsickafo/Desktop/lab4/lab4.sim/sim_1/behav/xsim'
INFO: [USF-XSim-3] XSim::Elaborate design
INFO: [USF-XSim-61] Executing 'ELABORATE' step in 'C:/Users/jsickafo/Desktop/lab4/lab4.sim/sim_1/behav/xsim'
"xelab -wto 1d3f704a3c7e44f0842c9670f8838371 --incr --debug typical --relax --mt 2 -L xil_defaultlib -L unisims_ver -L unimacro_ver -L secureip --snapshot counter16_test_behav xil_defaultlib.counter16_test xil_defaultlib.glbl -log elaborate.log"
Vivado Simulator 2019.1
Copyright 1986-1999, 2001-2019 Xilinx, Inc. All Rights Reserved.
Running: C:/Xilinx/Vivado/2019.1/bin/unwrapped/win64.o/xelab.exe -wto 1d3f704a3c7e44f0842c9670f8838371 --incr --debug typical --relax --mt 2 -L xil_defaultlib -L unisims_ver -L unimacro_ver -L secureip --snapshot counter16_test_behav xil_defaultlib.counter16_test xil_defaultlib.glbl -log elaborate.log 
Using 2 slave threads.
Starting static elaboration
Completed static elaboration
Starting simulation data flow analysis
Completed simulation data flow analysis
Time Resolution for simulation is 1ps
Compiling module unisims_ver.FDRE_default
Compiling module xil_defaultlib.countUD4L
Compiling module xil_defaultlib.counterUD16L
Compiling module xil_defaultlib.counter16_test
Compiling module xil_defaultlib.glbl
Built simulation snapshot counter16_test_behav
INFO: [USF-XSim-69] 'elaborate' step finished in '2' seconds
Vivado Simulator 2019.1
Time resolution is 1 ps
relaunch_sim: Time (s): cpu = 00:00:01 ; elapsed = 00:00:08 . Memory (MB): peak = 937.000 ; gain = 0.000
run 8000 ns
relaunch_sim
INFO: [Vivado 12-5682] Launching behavioral simulation in 'C:/Users/jsickafo/Desktop/lab4/lab4.sim/sim_1/behav/xsim'
INFO: [SIM-utils-51] Simulation object is 'sim_1'
INFO: [SIM-utils-54] Inspecting design source files for 'counter16_test' in fileset 'sim_1'...
INFO: [USF-XSim-97] Finding global include files...
INFO: [USF-XSim-98] Fetching design files from 'sim_1'...
INFO: [USF-XSim-2] XSim::Compile design
INFO: [USF-XSim-61] Executing 'COMPILE and ANALYZE' step in 'C:/Users/jsickafo/Desktop/lab4/lab4.sim/sim_1/behav/xsim'
"xvlog --incr --relax -prj counter16_test_vlog.prj"
INFO: [VRFC 10-2263] Analyzing Verilog file "C:/Users/jsickafo/Desktop/lab4/lab4.srcs/sources_1/new/countUD4L.v" into library xil_defaultlib
INFO: [VRFC 10-311] analyzing module countUD4L
INFO: [VRFC 10-2263] Analyzing Verilog file "C:/Users/jsickafo/Desktop/lab4/lab4.srcs/sources_1/new/counterUD16L.v" into library xil_defaultlib
INFO: [VRFC 10-311] analyzing module counterUD16L
INFO: [VRFC 10-2263] Analyzing Verilog file "C:/Users/jsickafo/Desktop/lab4/lab4.srcs/sim_1/new/counter16_test.v" into library xil_defaultlib
INFO: [VRFC 10-311] analyzing module counter16_test
INFO: [USF-XSim-69] 'compile' step finished in '2' seconds
INFO: [Vivado 12-5682] Launching behavioral simulation in 'C:/Users/jsickafo/Desktop/lab4/lab4.sim/sim_1/behav/xsim'
INFO: [USF-XSim-3] XSim::Elaborate design
INFO: [USF-XSim-61] Executing 'ELABORATE' step in 'C:/Users/jsickafo/Desktop/lab4/lab4.sim/sim_1/behav/xsim'
"xelab -wto 1d3f704a3c7e44f0842c9670f8838371 --incr --debug typical --relax --mt 2 -L xil_defaultlib -L unisims_ver -L unimacro_ver -L secureip --snapshot counter16_test_behav xil_defaultlib.counter16_test xil_defaultlib.glbl -log elaborate.log"
Vivado Simulator 2019.1
Copyright 1986-1999, 2001-2019 Xilinx, Inc. All Rights Reserved.
Running: C:/Xilinx/Vivado/2019.1/bin/unwrapped/win64.o/xelab.exe -wto 1d3f704a3c7e44f0842c9670f8838371 --incr --debug typical --relax --mt 2 -L xil_defaultlib -L unisims_ver -L unimacro_ver -L secureip --snapshot counter16_test_behav xil_defaultlib.counter16_test xil_defaultlib.glbl -log elaborate.log 
Using 2 slave threads.
Starting static elaboration
Completed static elaboration
Starting simulation data flow analysis
Completed simulation data flow analysis
Time Resolution for simulation is 1ps
Compiling module unisims_ver.FDRE_default
Compiling module xil_defaultlib.countUD4L
Compiling module xil_defaultlib.counterUD16L
Compiling module xil_defaultlib.counter16_test
Compiling module xil_defaultlib.glbl
Built simulation snapshot counter16_test_behav
INFO: [USF-XSim-69] 'elaborate' step finished in '2' seconds
Vivado Simulator 2019.1
Time resolution is 1 ps
relaunch_sim: Time (s): cpu = 00:00:02 ; elapsed = 00:00:08 . Memory (MB): peak = 937.000 ; gain = 0.000
run 20000 ns
run 50000 ns
run 50000 us
run: Time (s): cpu = 00:00:44 ; elapsed = 00:00:54 . Memory (MB): peak = 1143.828 ; gain = 0.000
reset_run synth_1
WARNING: [Vivado 12-1017] Problems encountered:
1. Failed to delete one or more files in run directory C:/Users/jsickafo/Desktop/lab4/lab4.runs/synth_1

launch_runs impl_1 -to_step write_bitstream
[Thu Feb  6 12:45:35 2020] Launched synth_1...
Run output will be captured here: C:/Users/jsickafo/Desktop/lab4/lab4.runs/synth_1/runme.log
[Thu Feb  6 12:45:35 2020] Launched impl_1...
Run output will be captured here: C:/Users/jsickafo/Desktop/lab4/lab4.runs/impl_1/runme.log
relaunch_sim
INFO: [Vivado 12-5682] Launching behavioral simulation in 'C:/Users/jsickafo/Desktop/lab4/lab4.sim/sim_1/behav/xsim'
INFO: [SIM-utils-51] Simulation object is 'sim_1'
INFO: [SIM-utils-54] Inspecting design source files for 'counter16_test' in fileset 'sim_1'...
INFO: [USF-XSim-97] Finding global include files...
INFO: [USF-XSim-98] Fetching design files from 'sim_1'...
INFO: [USF-XSim-2] XSim::Compile design
INFO: [USF-XSim-61] Executing 'COMPILE and ANALYZE' step in 'C:/Users/jsickafo/Desktop/lab4/lab4.sim/sim_1/behav/xsim'
"xvlog --incr --relax -prj counter16_test_vlog.prj"
INFO: [VRFC 10-2263] Analyzing Verilog file "C:/Users/jsickafo/Desktop/lab4/lab4.srcs/sources_1/new/countUD4L.v" into library xil_defaultlib
INFO: [VRFC 10-311] analyzing module countUD4L
INFO: [VRFC 10-2263] Analyzing Verilog file "C:/Users/jsickafo/Desktop/lab4/lab4.srcs/sources_1/new/counterUD16L.v" into library xil_defaultlib
INFO: [VRFC 10-311] analyzing module counterUD16L
INFO: [VRFC 10-2263] Analyzing Verilog file "C:/Users/jsickafo/Desktop/lab4/lab4.srcs/sim_1/new/counter16_test.v" into library xil_defaultlib
INFO: [VRFC 10-311] analyzing module counter16_test
INFO: [USF-XSim-69] 'compile' step finished in '3' seconds
INFO: [Vivado 12-5682] Launching behavioral simulation in 'C:/Users/jsickafo/Desktop/lab4/lab4.sim/sim_1/behav/xsim'
INFO: [USF-XSim-3] XSim::Elaborate design
INFO: [USF-XSim-61] Executing 'ELABORATE' step in 'C:/Users/jsickafo/Desktop/lab4/lab4.sim/sim_1/behav/xsim'
"xelab -wto 1d3f704a3c7e44f0842c9670f8838371 --incr --debug typical --relax --mt 2 -L xil_defaultlib -L unisims_ver -L unimacro_ver -L secureip --snapshot counter16_test_behav xil_defaultlib.counter16_test xil_defaultlib.glbl -log elaborate.log"
Vivado Simulator 2019.1
Copyright 1986-1999, 2001-2019 Xilinx, Inc. All Rights Reserved.
Running: C:/Xilinx/Vivado/2019.1/bin/unwrapped/win64.o/xelab.exe -wto 1d3f704a3c7e44f0842c9670f8838371 --incr --debug typical --relax --mt 2 -L xil_defaultlib -L unisims_ver -L unimacro_ver -L secureip --snapshot counter16_test_behav xil_defaultlib.counter16_test xil_defaultlib.glbl -log elaborate.log 
Using 2 slave threads.
Starting static elaboration
Completed static elaboration
Starting simulation data flow analysis
Completed simulation data flow analysis
Time Resolution for simulation is 1ps
Compiling module unisims_ver.FDRE_default
Compiling module xil_defaultlib.countUD4L
Compiling module xil_defaultlib.counterUD16L
Compiling module xil_defaultlib.counter16_test
Compiling module xil_defaultlib.glbl
Built simulation snapshot counter16_test_behav
INFO: [USF-XSim-69] 'elaborate' step finished in '4' seconds
Vivado Simulator 2019.1
Time resolution is 1 ps
relaunch_sim: Time (s): cpu = 00:00:01 ; elapsed = 00:00:10 . Memory (MB): peak = 1143.828 ; gain = 0.000
run 50000 ns
reset_run synth_1
WARNING: [Vivado 12-1017] Problems encountered:
1. Failed to delete one or more files in run directory C:/Users/jsickafo/Desktop/lab4/lab4.runs/synth_1

launch_runs impl_1 -to_step write_bitstream
[Thu Feb  6 12:55:33 2020] Launched synth_1...
Run output will be captured here: C:/Users/jsickafo/Desktop/lab4/lab4.runs/synth_1/runme.log
[Thu Feb  6 12:55:33 2020] Launched impl_1...
Run output will be captured here: C:/Users/jsickafo/Desktop/lab4/lab4.runs/impl_1/runme.log
reset_run synth_1
WARNING: [Vivado 12-1017] Problems encountered:
1. Failed to delete one or more files in run directory C:/Users/jsickafo/Desktop/lab4/lab4.runs/synth_1

launch_runs impl_1
[Thu Feb  6 12:59:26 2020] Launched synth_1...
Run output will be captured here: C:/Users/jsickafo/Desktop/lab4/lab4.runs/synth_1/runme.log
[Thu Feb  6 12:59:26 2020] Launched impl_1...
Run output will be captured here: C:/Users/jsickafo/Desktop/lab4/lab4.runs/impl_1/runme.log
launch_runs impl_1 -to_step write_bitstream
[Thu Feb  6 13:02:35 2020] Launched impl_1...
Run output will be captured here: C:/Users/jsickafo/Desktop/lab4/lab4.runs/impl_1/runme.log
open_hw
connect_hw_server
INFO: [Labtools 27-2285] Connecting to hw_server url TCP:localhost:3121
INFO: [Labtools 27-2222] Launching hw_server...
INFO: [Labtools 27-2221] Launch Output:

****** Xilinx hw_server v2019.1
  **** Build date : May 24 2019 at 15:13:31
    ** Copyright 1986-2019 Xilinx, Inc. All Rights Reserved.


open_hw_target
INFO: [Labtoolstcl 44-466] Opening hw_target localhost:3121/xilinx_tcf/Digilent/210183A89BDFA
open_hw_target: Time (s): cpu = 00:00:07 ; elapsed = 00:00:07 . Memory (MB): peak = 2078.391 ; gain = 515.168
set_property PROGRAM.FILE {C:/Users/jsickafo/Desktop/lab4/lab4.runs/impl_1/lab4_top.bit} [get_hw_devices xc7a35t_0]
current_hw_device [get_hw_devices xc7a35t_0]
refresh_hw_device -update_hw_probes false [lindex [get_hw_devices xc7a35t_0] 0]
INFO: [Labtools 27-1435] Device xc7a35t (JTAG device index = 0) is not programmed (DONE status = 0).
set_property PROBES.FILE {} [get_hw_devices xc7a35t_0]
set_property FULL_PROBES.FILE {} [get_hw_devices xc7a35t_0]
set_property PROGRAM.FILE {C:/Users/jsickafo/Desktop/lab4/lab4.runs/impl_1/lab4_top.bit} [get_hw_devices xc7a35t_0]
program_hw_devices [get_hw_devices xc7a35t_0]
INFO: [Labtools 27-3164] End of startup status: HIGH
refresh_hw_device [lindex [get_hw_devices xc7a35t_0] 0]
INFO: [Labtools 27-1434] Device xc7a35t (JTAG device index = 0) is programmed with a design that has no supported debug core(s) in it.
set_property top lab4_top [get_filesets sim_1]
set_property top_lib xil_defaultlib [get_filesets sim_1]
update_compile_order -fileset sim_1
set_property SOURCE_SET sources_1 [get_filesets sim_1]
close [ open C:/Users/jsickafo/Desktop/lab4/lab4.srcs/sim_1/new/lab4_test.v w ]
add_files -fileset sim_1 C:/Users/jsickafo/Desktop/lab4/lab4.srcs/sim_1/new/lab4_test.v
update_compile_order -fileset sim_1
set_property top lab4_test [get_filesets sim_1]
set_property top_lib xil_defaultlib [get_filesets sim_1]
update_compile_order -fileset sim_1
launch_simulation
boost::filesystem::remove: The process cannot access the file because it is being used by another process: "C:/Users/jsickafo/Desktop/lab4/lab4.sim/sim_1/behav/xsim/simulate.log"
launch_simulation
boost::filesystem::remove: The process cannot access the file because it is being used by another process: "C:/Users/jsickafo/Desktop/lab4/lab4.sim/sim_1/behav/xsim/simulate.log"
launch_simulation
boost::filesystem::remove: The process cannot access the file because it is being used by another process: "C:/Users/jsickafo/Desktop/lab4/lab4.sim/sim_1/behav/xsim/simulate.log"
archive_project C:/Users/jsickafo/Desktop/lab4.xpr.zip -temp_dir C:/Users/jsickafo/Desktop/lab4/.Xil/Vivado-3592-104PC15 -force -include_local_ip_cache
INFO: [Coretcl 2-137] starting archive...
INFO: [Coretcl 2-1499] Saving project copy to temporary location 'C:/Users/jsickafo/Desktop/lab4/.Xil/Vivado-3592-104PC15' for archiving project
Scanning sources...
Finished scanning sources
INFO: [Coretcl 2-1211] Creating project copy for archival...
INFO: [Coretcl 2-1213] Including run results for 'synth_1'
INFO: [Coretcl 2-1213] Including run results for 'impl_1'
INFO: [Coretcl 2-1212] Importing remotely added design sources and verilog include files (if any)...
INFO: [filemgmt 20-334] All file(s) are already imported in fileset: 'constrs_1'
INFO: [filemgmt 20-348] Importing the appropriate files for fileset: 'constrs_1'
INFO: [filemgmt 20-334] All file(s) are already imported in fileset: 'sim_1'
INFO: [filemgmt 20-348] Importing the appropriate files for fileset: 'sim_1'
INFO: [filemgmt 20-348] Importing the appropriate files for fileset: 'sources_1'
INFO: [Coretcl 2-1209] Adding archive summary file to the project...
INFO: [Coretcl 2-1214] Preparing project files for archive...
INFO: [Coretcl 2-1210] Compressing project files and data...
INFO: [Coretcl 2-1215] Project archived (C:/Users/jsickafo/Desktop/lab4.xpr.zip)
INFO: [Coretcl 2-1216] To view the archive summary log in GUI, double click on 'Design Sources->Text->archive_project_summary.txt', or open this file from the archived project directory.
archive_project: Time (s): cpu = 00:00:02 ; elapsed = 00:00:06 . Memory (MB): peak = 2484.523 ; gain = 0.000
close_sim
INFO: [Simtcl 6-16] Simulation closed
exit
INFO: [Common 17-206] Exiting Vivado at Thu Feb  6 13:16:05 2020...
